#
# There is insufficient memory for the Java Runtime Environment to continue.
# Native memory allocation (mmap) failed to map 268435456 bytes for committing reserved memory.
# Possible reasons:
#   The system is out of physical RAM or swap space
#   The process is running with CompressedOops enabled, and the Java Heap may be blocking the growth of the native heap
# Possible solutions:
#   Reduce memory load on the system
#   Increase physical memory or swap space
#   Check if swap backing store is full
#   Decrease Java heap size (-Xmx/-Xms)
#   Decrease number of Java threads
#   Decrease Java thread stack sizes (-Xss)
#   Set larger code cache with -XX:ReservedCodeCacheSize=
#   JVM is running with Unscaled Compressed Oops mode in which the Java heap is
#     placed in the first 4GB address space. The Java Heap base address is the
#     maximum limit for the native heap growth. Please use -XX:HeapBaseMinAddress
#     to set the Java Heap base and to place the Java Heap above 4GB virtual address.
# This output file may be truncated or incomplete.
#
#  Out of Memory Error (os_linux.cpp:2757), pid=27213, tid=0x00007f4a48150700
#
# JRE version: OpenJDK Runtime Environment (8.0_222-b10) (build 1.8.0_222-8u222-b10-1ubuntu1~18.04.1-b10)
# Java VM: OpenJDK 64-Bit Server VM (25.222-b10 mixed mode linux-amd64 compressed oops)
# Failed to write core dump. Core dumps have been disabled. To enable core dumping, try "ulimit -c unlimited" before starting Java again
#

---------------  T H R E A D  ---------------

Current thread (0x00007f4a681ae000):  VMThread [stack: 0x00007f4a48051000,0x00007f4a48151000] [id=27509]

Stack: [0x00007f4a48051000,0x00007f4a48151000],  sp=0x00007f4a4814f3f0,  free space=1016k
Native frames: (J=compiled Java code, j=interpreted, Vv=VM code, C=native code)
V  [libjvm.so+0xab8992]
V  [libjvm.so+0x4dbfd7]
V  [libjvm.so+0x8f34f6]
V  [libjvm.so+0x8ea78c]
V  [libjvm.so+0x5abcf4]
V  [libjvm.so+0x5abd7e]
V  [libjvm.so+0x5ae915]
V  [libjvm.so+0x614156]
V  [libjvm.so+0x61529e]
V  [libjvm.so+0x6157a8]
V  [libjvm.so+0x5879fa]
V  [libjvm.so+0x591487]
V  [libjvm.so+0xac02e1]
V  [libjvm.so+0xabf1d6]
V  [libjvm.so+0xabd4d5]
V  [libjvm.so+0xabddad]
V  [libjvm.so+0xabe1b8]
V  [libjvm.so+0x8f0732]

VM_Operation (0x00007f4a25726f90): G1IncCollectionPause, mode: safepoint, requested by thread 0x00007f4a68805000


---------------  P R O C E S S  ---------------

Java Threads: ( => current thread )
  0x00007f4a68805000 JavaThread "org.reflections-scanner-3" daemon [_thread_blocked, id=27523, stack(0x00007f4a25628000,0x00007f4a25729000)]
  0x00007f4a687fc000 JavaThread "org.reflections-scanner-2" daemon [_thread_blocked, id=27522, stack(0x00007f4a25729000,0x00007f4a2582a000)]
  0x00007f4a687fa800 JavaThread "org.reflections-scanner-1" daemon [_thread_blocked, id=27521, stack(0x00007f4a2582a000,0x00007f4a2592b000)]
  0x00007f4a68802800 JavaThread "org.reflections-scanner-0" daemon [_thread_blocked, id=27520, stack(0x00007f4a2592b000,0x00007f4a25a2c000)]
  0x00007f4a686b3800 JavaThread "RMI TCP Accept-0" daemon [_thread_in_native, id=27518, stack(0x00007f4a25d2d000,0x00007f4a25e2e000)]
  0x00007f4a68201000 JavaThread "Service Thread" daemon [_thread_blocked, id=27517, stack(0x00007f4a26629000,0x00007f4a2672a000)]
  0x00007f4a681f6000 JavaThread "C1 CompilerThread2" daemon [_thread_blocked, id=27516, stack(0x00007f4a2672b000,0x00007f4a2682b000)]
  0x00007f4a681f4000 JavaThread "C2 CompilerThread1" daemon [_thread_blocked, id=27515, stack(0x00007f4a2682c000,0x00007f4a2692c000)]
  0x00007f4a681f2000 JavaThread "C2 CompilerThread0" daemon [_thread_blocked, id=27514, stack(0x00007f4a2692d000,0x00007f4a26a2d000)]
  0x00007f4a681ef800 JavaThread "Signal Dispatcher" daemon [_thread_blocked, id=27513, stack(0x00007f4a26a2d000,0x00007f4a26b2e000)]
  0x00007f4a681ee800 JavaThread "Surrogate Locker Thread (Concurrent GC)" daemon [_thread_blocked, id=27512, stack(0x00007f4a26b2e000,0x00007f4a26c2f000)]
  0x00007f4a681ba800 JavaThread "Finalizer" daemon [_thread_blocked, id=27511, stack(0x00007f4a275fe000,0x00007f4a276ff000)]
  0x00007f4a681b8000 JavaThread "Reference Handler" daemon [_thread_blocked, id=27510, stack(0x00007f4a276ff000,0x00007f4a27800000)]
  0x00007f4a6800e000 JavaThread "main" [_thread_blocked, id=27497, stack(0x00007f4a6f3e8000,0x00007f4a6f4e8000)]

Other Threads:
=>0x00007f4a681ae000 VMThread [stack: 0x00007f4a48051000,0x00007f4a48151000] [id=27509]
  0x00007f4a686c5000 WatcherThread [stack: 0x00007f4a25c2d000,0x00007f4a25d2d000] [id=27519]

VM state:at safepoint (normal execution)

VM Mutex/Monitor currently owned by a thread:  ([mutex/lock_event])
[0x00007f4a6800a4a0] Threads_lock - owner thread: 0x00007f4a681ae000
[0x00007f4a6800a9a0] Heap_lock - owner thread: 0x00007f4a68805000

heap address: 0x0000000080000000, size: 2048 MB, Compressed Oops mode: 32-bit
Narrow klass base: 0x0000000000000000, Narrow klass shift: 3
Compressed class space size: 1073741824 Address: 0x0000000100000000

Heap:
 garbage-first heap   total 524288K, used 31744K [0x0000000080000000, 0x0000000080101000, 0x0000000100000000)
  region size 1024K, 2 young (2048K), 2 survivors (2048K)
 Metaspace       used 10530K, capacity 10788K, committed 11136K, reserved 1058816K
  class space    used 1204K, capacity 1296K, committed 1408K, reserved 1048576K

Heap Regions: (Y=young(eden), SU=young(survivor), HS=humongous(starts), HC=humongous(continues), CS=collection set, F=free, TS=gc time stamp, PTAMS=previous top-at-mark-start, NTAMS=next top-at-mark-start)
AC   0  O    TS     3 PTAMS 0x0000000080000000 NTAMS 0x0000000080000000 space 1024K, 100% used [0x0000000080000000, 0x0000000080100000)
AC   0  O    TS     3 PTAMS 0x0000000080100000 NTAMS 0x0000000080100000 space 1024K, 100% used [0x0000000080100000, 0x0000000080200000)
AC   0  O    TS     3 PTAMS 0x0000000080200000 NTAMS 0x0000000080200000 space 1024K, 100% used [0x0000000080200000, 0x0000000080300000)
AC   0  O    TS     3 PTAMS 0x0000000080300000 NTAMS 0x0000000080300000 space 1024K, 100% used [0x0000000080300000, 0x0000000080400000)
AC   0  O    TS     7 PTAMS 0x0000000080400000 NTAMS 0x0000000080400000 space 1024K, 100% used [0x0000000080400000, 0x0000000080500000)
AC   0  O    TS     9 PTAMS 0x0000000080500000 NTAMS 0x0000000080500000 space 1024K, 100% used [0x0000000080500000, 0x0000000080600000)
AC   0  O    TS    11 PTAMS 0x0000000080600000 NTAMS 0x0000000080600000 space 1024K, 100% used [0x0000000080600000, 0x0000000080700000)
AC   0  O    TS    11 PTAMS 0x0000000080700000 NTAMS 0x0000000080700000 space 1024K, 100% used [0x0000000080700000, 0x0000000080800000)
AC   0  O    TS    13 PTAMS 0x0000000080800000 NTAMS 0x0000000080800000 space 1024K, 100% used [0x0000000080800000, 0x0000000080900000)
AC   0  O    TS    15 PTAMS 0x0000000080900000 NTAMS 0x0000000080900000 space 1024K, 100% used [0x0000000080900000, 0x0000000080a00000)
AC   0  O    TS    15 PTAMS 0x0000000080a00000 NTAMS 0x0000000080a00000 space 1024K, 100% used [0x0000000080a00000, 0x0000000080b00000)
AC   0  O    TS    17 PTAMS 0x0000000080b00000 NTAMS 0x0000000080b00000 space 1024K, 100% used [0x0000000080b00000, 0x0000000080c00000)
AC   0  O    TS    17 PTAMS 0x0000000080c00000 NTAMS 0x0000000080c00000 space 1024K, 100% used [0x0000000080c00000, 0x0000000080d00000)
AC   0  O    TS    17 PTAMS 0x0000000080d00000 NTAMS 0x0000000080d00000 space 1024K, 100% used [0x0000000080d00000, 0x0000000080e00000)
AC   0  O    TS    17 PTAMS 0x0000000080e00000 NTAMS 0x0000000080e00000 space 1024K, 100% used [0x0000000080e00000, 0x0000000080f00000)
AC   0  O    TS    19 PTAMS 0x0000000080f00000 NTAMS 0x0000000080f00000 space 1024K, 100% used [0x0000000080f00000, 0x0000000081000000)
AC   0  O    TS    19 PTAMS 0x0000000081000000 NTAMS 0x0000000081000000 space 1024K, 100% used [0x0000000081000000, 0x0000000081100000)
AC   0  O    TS    19 PTAMS 0x0000000081100000 NTAMS 0x0000000081100000 space 1024K, 100% used [0x0000000081100000, 0x0000000081200000)
AC   0  O    TS    19 PTAMS 0x0000000081200000 NTAMS 0x0000000081200000 space 1024K, 100% used [0x0000000081200000, 0x0000000081300000)
AC   0  O    TS    19 PTAMS 0x0000000081300000 NTAMS 0x0000000081300000 space 1024K, 100% used [0x0000000081300000, 0x0000000081400000)
AC   0  O    TS    19 PTAMS 0x0000000081400000 NTAMS 0x0000000081400000 space 1024K, 100% used [0x0000000081400000, 0x0000000081500000)
AC   0  O    TS    19 PTAMS 0x0000000081500000 NTAMS 0x0000000081500000 space 1024K, 100% used [0x0000000081500000, 0x0000000081600000)
AC   0  O    TS    19 PTAMS 0x0000000081600000 NTAMS 0x0000000081600000 space 1024K, 100% used [0x0000000081600000, 0x0000000081700000)
AC   0  O    TS    19 PTAMS 0x0000000081700000 NTAMS 0x0000000081700000 space 1024K, 100% used [0x0000000081700000, 0x0000000081800000)
AC   0  O    TS    19 PTAMS 0x0000000081800000 NTAMS 0x0000000081800000 space 1024K, 100% used [0x0000000081800000, 0x0000000081900000)
AC   0  O    TS    21 PTAMS 0x0000000081900000 NTAMS 0x0000000081900000 space 1024K, 100% used [0x0000000081900000, 0x0000000081a00000)
AC   0  O    TS    21 PTAMS 0x0000000081a00000 NTAMS 0x0000000081a00000 space 1024K, 100% used [0x0000000081a00000, 0x0000000081b00000)
AC   0  O    TS    23 PTAMS 0x0000000081b00000 NTAMS 0x0000000081b00000 space 1024K, 100% used [0x0000000081b00000, 0x0000000081c00000)
AC   0  O    TS    23 PTAMS 0x0000000081c00000 NTAMS 0x0000000081c00000 space 1024K, 100% used [0x0000000081c00000, 0x0000000081d00000)
AC   0  F    TS     0 PTAMS 0x0000000081d00000 NTAMS 0x0000000081d00000 space 1024K,   0% used [0x0000000081d00000, 0x0000000081e00000)
AC   0  F    TS     0 PTAMS 0x0000000081e00000 NTAMS 0x0000000081e00000 space 1024K,   0% used [0x0000000081e00000, 0x0000000081f00000)
AC   0  F    TS     0 PTAMS 0x0000000081f00000 NTAMS 0x0000000081f00000 space 1024K,   0% used [0x0000000081f00000, 0x0000000082000000)
AC   0  F    TS     0 PTAMS 0x0000000082000000 NTAMS 0x0000000082000000 space 1024K,   0% used [0x0000000082000000, 0x0000000082100000)
AC   0  F    TS     0 PTAMS 0x0000000082100000 NTAMS 0x0000000082100000 space 1024K,   0% used [0x0000000082100000, 0x0000000082200000)
AC   0  F    TS     0 PTAMS 0x0000000082200000 NTAMS 0x0000000082200000 space 1024K,   0% used [0x0000000082200000, 0x0000000082300000)
AC   0  F    TS     0 PTAMS 0x0000000082300000 NTAMS 0x0000000082300000 space 1024K,   0% used [0x0000000082300000, 0x0000000082400000)
AC   0  F    TS     0 PTAMS 0x0000000082400000 NTAMS 0x0000000082400000 space 1024K,   0% used [0x0000000082400000, 0x0000000082500000)
AC   0  F    TS     0 PTAMS 0x0000000082500000 NTAMS 0x0000000082500000 space 1024K,   0% used [0x0000000082500000, 0x0000000082600000)
AC   0  F    TS     0 PTAMS 0x0000000082600000 NTAMS 0x0000000082600000 space 1024K,   0% used [0x0000000082600000, 0x0000000082700000)
AC   0  F    TS     0 PTAMS 0x0000000082700000 NTAMS 0x0000000082700000 space 1024K,   0% used [0x0000000082700000, 0x0000000082800000)
AC   0  F    TS     0 PTAMS 0x0000000082800000 NTAMS 0x0000000082800000 space 1024K,   0% used [0x0000000082800000, 0x0000000082900000)
AC   0  F    TS     0 PTAMS 0x0000000082900000 NTAMS 0x0000000082900000 space 1024K,   0% used [0x0000000082900000, 0x0000000082a00000)
AC   0  F    TS     0 PTAMS 0x0000000082a00000 NTAMS 0x0000000082a00000 space 1024K,   0% used [0x0000000082a00000, 0x0000000082b00000)
AC   0  F    TS     0 PTAMS 0x0000000082b00000 NTAMS 0x0000000082b00000 space 1024K,   0% used [0x0000000082b00000, 0x0000000082c00000)
AC   0  F    TS     0 PTAMS 0x0000000082c00000 NTAMS 0x0000000082c00000 space 1024K,   0% used [0x0000000082c00000, 0x0000000082d00000)
AC   0  F    TS     0 PTAMS 0x0000000082d00000 NTAMS 0x0000000082d00000 space 1024K,   0% used [0x0000000082d00000, 0x0000000082e00000)
AC   0  F    TS     0 PTAMS 0x0000000082e00000 NTAMS 0x0000000082e00000 space 1024K,   0% used [0x0000000082e00000, 0x0000000082f00000)
AC   0  F    TS     0 PTAMS 0x0000000082f00000 NTAMS 0x0000000082f00000 space 1024K,   0% used [0x0000000082f00000, 0x0000000083000000)
AC   0  F    TS     0 PTAMS 0x0000000083000000 NTAMS 0x0000000083000000 space 1024K,   0% used [0x0000000083000000, 0x0000000083100000)
AC   0  F    TS     0 PTAMS 0x0000000083100000 NTAMS 0x0000000083100000 space 1024K,   0% used [0x0000000083100000, 0x0000000083200000)
AC   0  F    TS     0 PTAMS 0x0000000083200000 NTAMS 0x0000000083200000 space 1024K,   0% used [0x0000000083200000, 0x0000000083300000)
AC   0  F    TS     0 PTAMS 0x0000000083300000 NTAMS 0x0000000083300000 space 1024K,   0% used [0x0000000083300000, 0x0000000083400000)
AC   0  F    TS     0 PTAMS 0x0000000083400000 NTAMS 0x0000000083400000 space 1024K,   0% used [0x0000000083400000, 0x0000000083500000)
AC   0  F    TS     0 PTAMS 0x0000000083500000 NTAMS 0x0000000083500000 space 1024K,   0% used [0x0000000083500000, 0x0000000083600000)
AC   0  F    TS     0 PTAMS 0x0000000083600000 NTAMS 0x0000000083600000 space 1024K,   0% used [0x0000000083600000, 0x0000000083700000)
AC   0  F    TS     0 PTAMS 0x0000000083700000 NTAMS 0x0000000083700000 space 1024K,   0% used [0x0000000083700000, 0x0000000083800000)
AC   0  F    TS     0 PTAMS 0x0000000083800000 NTAMS 0x0000000083800000 space 1024K,   0% used [0x0000000083800000, 0x0000000083900000)
AC   0  F    TS     0 PTAMS 0x0000000083900000 NTAMS 0x0000000083900000 space 1024K,   0% used [0x0000000083900000, 0x0000000083a00000)
AC   0  F    TS     0 PTAMS 0x0000000083a00000 NTAMS 0x0000000083a00000 space 1024K,   0% used [0x0000000083a00000, 0x0000000083b00000)
AC   0  F    TS     0 PTAMS 0x0000000083b00000 NTAMS 0x0000000083b00000 space 1024K,   0% used [0x0000000083b00000, 0x0000000083c00000)
AC   0  F    TS     0 PTAMS 0x0000000083c00000 NTAMS 0x0000000083c00000 space 1024K,   0% used [0x0000000083c00000, 0x0000000083d00000)
AC   0  F    TS     0 PTAMS 0x0000000083d00000 NTAMS 0x0000000083d00000 space 1024K,   0% used [0x0000000083d00000, 0x0000000083e00000)
AC   0  F    TS     0 PTAMS 0x0000000083e00000 NTAMS 0x0000000083e00000 space 1024K,   0% used [0x0000000083e00000, 0x0000000083f00000)
AC   0  F    TS     0 PTAMS 0x0000000083f00000 NTAMS 0x0000000083f00000 space 1024K,   0% used [0x0000000083f00000, 0x0000000084000000)
AC   0  F    TS     0 PTAMS 0x0000000084000000 NTAMS 0x0000000084000000 space 1024K,   0% used [0x0000000084000000, 0x0000000084100000)
AC   0  F    TS     0 PTAMS 0x0000000084100000 NTAMS 0x0000000084100000 space 1024K,   0% used [0x0000000084100000, 0x0000000084200000)
AC   0  F    TS     0 PTAMS 0x0000000084200000 NTAMS 0x0000000084200000 space 1024K,   0% used [0x0000000084200000, 0x0000000084300000)
AC   0  F    TS     0 PTAMS 0x0000000084300000 NTAMS 0x0000000084300000 space 1024K,   0% used [0x0000000084300000, 0x0000000084400000)
AC   0  F    TS     0 PTAMS 0x0000000084400000 NTAMS 0x0000000084400000 space 1024K,   0% used [0x0000000084400000, 0x0000000084500000)
AC   0  F    TS     0 PTAMS 0x0000000084500000 NTAMS 0x0000000084500000 space 1024K,   0% used [0x0000000084500000, 0x0000000084600000)
AC   0  F    TS     0 PTAMS 0x0000000084600000 NTAMS 0x0000000084600000 space 1024K,   0% used [0x0000000084600000, 0x0000000084700000)
AC   0  F    TS     0 PTAMS 0x0000000084700000 NTAMS 0x0000000084700000 space 1024K,   0% used [0x0000000084700000, 0x0000000084800000)
AC   0  F    TS     0 PTAMS 0x0000000084800000 NTAMS 0x0000000084800000 space 1024K,   0% used [0x0000000084800000, 0x0000000084900000)
AC   0  F    TS     0 PTAMS 0x0000000084900000 NTAMS 0x0000000084900000 space 1024K,   0% used [0x0000000084900000, 0x0000000084a00000)
AC   0  F    TS     0 PTAMS 0x0000000084a00000 NTAMS 0x0000000084a00000 space 1024K,   0% used [0x0000000084a00000, 0x0000000084b00000)
AC   0  F    TS     0 PTAMS 0x0000000084b00000 NTAMS 0x0000000084b00000 space 1024K,   0% used [0x0000000084b00000, 0x0000000084c00000)
AC   0  F    TS     0 PTAMS 0x0000000084c00000 NTAMS 0x0000000084c00000 space 1024K,   0% used [0x0000000084c00000, 0x0000000084d00000)
AC   0  F    TS     0 PTAMS 0x0000000084d00000 NTAMS 0x0000000084d00000 space 1024K,   0% used [0x0000000084d00000, 0x0000000084e00000)
AC   0  F    TS     0 PTAMS 0x0000000084e00000 NTAMS 0x0000000084e00000 space 1024K,   0% used [0x0000000084e00000, 0x0000000084f00000)
AC   0  F    TS     0 PTAMS 0x0000000084f00000 NTAMS 0x0000000084f00000 space 1024K,   0% used [0x0000000084f00000, 0x0000000085000000)
AC   0  F    TS     0 PTAMS 0x0000000085000000 NTAMS 0x0000000085000000 space 1024K,   0% used [0x0000000085000000, 0x0000000085100000)
AC   0  F    TS     0 PTAMS 0x0000000085100000 NTAMS 0x0000000085100000 space 1024K,   0% used [0x0000000085100000, 0x0000000085200000)
AC   0  F    TS     0 PTAMS 0x0000000085200000 NTAMS 0x0000000085200000 space 1024K,   0% used [0x0000000085200000, 0x0000000085300000)
AC   0  F    TS     0 PTAMS 0x0000000085300000 NTAMS 0x0000000085300000 space 1024K,   0% used [0x0000000085300000, 0x0000000085400000)
AC   0  F    TS     0 PTAMS 0x0000000085400000 NTAMS 0x0000000085400000 space 1024K,   0% used [0x0000000085400000, 0x0000000085500000)
AC   0  F    TS     0 PTAMS 0x0000000085500000 NTAMS 0x0000000085500000 space 1024K,   0% used [0x0000000085500000, 0x0000000085600000)
AC   0  F    TS     0 PTAMS 0x0000000085600000 NTAMS 0x0000000085600000 space 1024K,   0% used [0x0000000085600000, 0x0000000085700000)
AC   0  F    TS     0 PTAMS 0x0000000085700000 NTAMS 0x0000000085700000 space 1024K,   0% used [0x0000000085700000, 0x0000000085800000)
AC   0  F    TS     0 PTAMS 0x0000000085800000 NTAMS 0x0000000085800000 space 1024K,   0% used [0x0000000085800000, 0x0000000085900000)
AC   0  F    TS     0 PTAMS 0x0000000085900000 NTAMS 0x0000000085900000 space 1024K,   0% used [0x0000000085900000, 0x0000000085a00000)
AC   0  F    TS     0 PTAMS 0x0000000085a00000 NTAMS 0x0000000085a00000 space 1024K,   0% used [0x0000000085a00000, 0x0000000085b00000)
AC   0  F    TS     0 PTAMS 0x0000000085b00000 NTAMS 0x0000000085b00000 space 1024K,   0% used [0x0000000085b00000, 0x0000000085c00000)
AC   0  F    TS     0 PTAMS 0x0000000085c00000 NTAMS 0x0000000085c00000 space 1024K,   0% used [0x0000000085c00000, 0x0000000085d00000)
AC   0  F    TS     0 PTAMS 0x0000000085d00000 NTAMS 0x0000000085d00000 space 1024K,   0% used [0x0000000085d00000, 0x0000000085e00000)
AC   0  F    TS     0 PTAMS 0x0000000085e00000 NTAMS 0x0000000085e00000 space 1024K,   0% used [0x0000000085e00000, 0x0000000085f00000)
AC   0  F    TS     0 PTAMS 0x0000000085f00000 NTAMS 0x0000000085f00000 space 1024K,   0% used [0x0000000085f00000, 0x0000000086000000)
AC   0  F    TS     0 PTAMS 0x0000000086000000 NTAMS 0x0000000086000000 space 1024K,   0% used [0x0000000086000000, 0x0000000086100000)
AC   0  F    TS     0 PTAMS 0x0000000086100000 NTAMS 0x0000000086100000 space 1024K,   0% used [0x0000000086100000, 0x0000000086200000)
AC   0  F    TS     0 PTAMS 0x0000000086200000 NTAMS 0x0000000086200000 space 1024K,   0% used [0x0000000086200000, 0x0000000086300000)
AC   0  F    TS     0 PTAMS 0x0000000086300000 NTAMS 0x0000000086300000 space 1024K,   0% used [0x0000000086300000, 0x0000000086400000)
AC   0  F    TS     0 PTAMS 0x0000000086400000 NTAMS 0x0000000086400000 space 1024K,   0% used [0x0000000086400000, 0x0000000086500000)
AC   0  F    TS     0 PTAMS 0x0000000086500000 NTAMS 0x0000000086500000 space 1024K,   0% used [0x0000000086500000, 0x0000000086600000)
AC   0  F    TS     0 PTAMS 0x0000000086600000 NTAMS 0x0000000086600000 space 1024K,   0% used [0x0000000086600000, 0x0000000086700000)
AC   0  F    TS     0 PTAMS 0x0000000086700000 NTAMS 0x0000000086700000 space 1024K,   0% used [0x0000000086700000, 0x0000000086800000)
AC   0  F    TS     0 PTAMS 0x0000000086800000 NTAMS 0x0000000086800000 space 1024K,   0% used [0x0000000086800000, 0x0000000086900000)
AC   0  F    TS     0 PTAMS 0x0000000086900000 NTAMS 0x0000000086900000 space 1024K,   0% used [0x0000000086900000, 0x0000000086a00000)
AC   0  F    TS     0 PTAMS 0x0000000086a00000 NTAMS 0x0000000086a00000 space 1024K,   0% used [0x0000000086a00000, 0x0000000086b00000)
AC   0  F    TS     0 PTAMS 0x0000000086b00000 NTAMS 0x0000000086b00000 space 1024K,   0% used [0x0000000086b00000, 0x0000000086c00000)
AC   0  F    TS     0 PTAMS 0x0000000086c00000 NTAMS 0x0000000086c00000 space 1024K,   0% used [0x0000000086c00000, 0x0000000086d00000)
AC   0  F    TS     0 PTAMS 0x0000000086d00000 NTAMS 0x0000000086d00000 space 1024K,   0% used [0x0000000086d00000, 0x0000000086e00000)
AC   0  F    TS     0 PTAMS 0x0000000086e00000 NTAMS 0x0000000086e00000 space 1024K,   0% used [0x0000000086e00000, 0x0000000086f00000)
AC   0  F    TS     0 PTAMS 0x0000000086f00000 NTAMS 0x0000000086f00000 space 1024K,   0% used [0x0000000086f00000, 0x0000000087000000)
AC   0  F    TS     0 PTAMS 0x0000000087000000 NTAMS 0x0000000087000000 space 1024K,   0% used [0x0000000087000000, 0x0000000087100000)
AC   0  F    TS     0 PTAMS 0x0000000087100000 NTAMS 0x0000000087100000 space 1024K,   0% used [0x0000000087100000, 0x0000000087200000)
AC   0  F    TS     0 PTAMS 0x0000000087200000 NTAMS 0x0000000087200000 space 1024K,   0% used [0x0000000087200000, 0x0000000087300000)
AC   0  F    TS     0 PTAMS 0x0000000087300000 NTAMS 0x0000000087300000 space 1024K,   0% used [0x0000000087300000, 0x0000000087400000)
AC   0  F    TS     0 PTAMS 0x0000000087400000 NTAMS 0x0000000087400000 space 1024K,   0% used [0x0000000087400000, 0x0000000087500000)
AC   0  F    TS     0 PTAMS 0x0000000087500000 NTAMS 0x0000000087500000 space 1024K,   0% used [0x0000000087500000, 0x0000000087600000)
AC   0  F    TS     0 PTAMS 0x0000000087600000 NTAMS 0x0000000087600000 space 1024K,   0% used [0x0000000087600000, 0x0000000087700000)
AC   0  F    TS     0 PTAMS 0x0000000087700000 NTAMS 0x0000000087700000 space 1024K,   0% used [0x0000000087700000, 0x0000000087800000)
AC   0  F    TS     0 PTAMS 0x0000000087800000 NTAMS 0x0000000087800000 space 1024K,   0% used [0x0000000087800000, 0x0000000087900000)
AC   0  F    TS     0 PTAMS 0x0000000087900000 NTAMS 0x0000000087900000 space 1024K,   0% used [0x0000000087900000, 0x0000000087a00000)
AC   0  F    TS     0 PTAMS 0x0000000087a00000 NTAMS 0x0000000087a00000 space 1024K,   0% used [0x0000000087a00000, 0x0000000087b00000)
AC   0  F    TS     0 PTAMS 0x0000000087b00000 NTAMS 0x0000000087b00000 space 1024K,   0% used [0x0000000087b00000, 0x0000000087c00000)
AC   0  F    TS     0 PTAMS 0x0000000087c00000 NTAMS 0x0000000087c00000 space 1024K,   0% used [0x0000000087c00000, 0x0000000087d00000)
AC   0  F    TS     0 PTAMS 0x0000000087d00000 NTAMS 0x0000000087d00000 space 1024K,   0% used [0x0000000087d00000, 0x0000000087e00000)
AC   0  F    TS     0 PTAMS 0x0000000087e00000 NTAMS 0x0000000087e00000 space 1024K,   0% used [0x0000000087e00000, 0x0000000087f00000)
AC   0  F    TS     0 PTAMS 0x0000000087f00000 NTAMS 0x0000000087f00000 space 1024K,   0% used [0x0000000087f00000, 0x0000000088000000)
AC   0  F    TS     0 PTAMS 0x0000000088000000 NTAMS 0x0000000088000000 space 1024K,   0% used [0x0000000088000000, 0x0000000088100000)
AC   0  F    TS     0 PTAMS 0x0000000088100000 NTAMS 0x0000000088100000 space 1024K,   0% used [0x0000000088100000, 0x0000000088200000)
AC   0  F    TS     0 PTAMS 0x0000000088200000 NTAMS 0x0000000088200000 space 1024K,   0% used [0x0000000088200000, 0x0000000088300000)
AC   0  F    TS     0 PTAMS 0x0000000088300000 NTAMS 0x0000000088300000 space 1024K,   0% used [0x0000000088300000, 0x0000000088400000)
AC   0  F    TS     0 PTAMS 0x0000000088400000 NTAMS 0x0000000088400000 space 1024K,   0% used [0x0000000088400000, 0x0000000088500000)
AC   0  F    TS     0 PTAMS 0x0000000088500000 NTAMS 0x0000000088500000 space 1024K,   0% used [0x0000000088500000, 0x0000000088600000)
AC   0  F    TS     0 PTAMS 0x0000000088600000 NTAMS 0x0000000088600000 space 1024K,   0% used [0x0000000088600000, 0x0000000088700000)
AC   0  F    TS     0 PTAMS 0x0000000088700000 NTAMS 0x0000000088700000 space 1024K,   0% used [0x0000000088700000, 0x0000000088800000)
AC   0  F    TS     0 PTAMS 0x0000000088800000 NTAMS 0x0000000088800000 space 1024K,   0% used [0x0000000088800000, 0x0000000088900000)
AC   0  F    TS     0 PTAMS 0x0000000088900000 NTAMS 0x0000000088900000 space 1024K,   0% used [0x0000000088900000, 0x0000000088a00000)
AC   0  F    TS     0 PTAMS 0x0000000088a00000 NTAMS 0x0000000088a00000 space 1024K,   0% used [0x0000000088a00000, 0x0000000088b00000)
AC   0  F    TS     0 PTAMS 0x0000000088b00000 NTAMS 0x0000000088b00000 space 1024K,   0% used [0x0000000088b00000, 0x0000000088c00000)
AC   0  F    TS     0 PTAMS 0x0000000088c00000 NTAMS 0x0000000088c00000 space 1024K,   0% used [0x0000000088c00000, 0x0000000088d00000)
AC   0  F    TS     0 PTAMS 0x0000000088d00000 NTAMS 0x0000000088d00000 space 1024K,   0% used [0x0000000088d00000, 0x0000000088e00000)
AC   0  F    TS     0 PTAMS 0x0000000088e00000 NTAMS 0x0000000088e00000 space 1024K,   0% used [0x0000000088e00000, 0x0000000088f00000)
AC   0  F    TS     0 PTAMS 0x0000000088f00000 NTAMS 0x0000000088f00000 space 1024K,   0% used [0x0000000088f00000, 0x0000000089000000)
AC   0  F    TS     0 PTAMS 0x0000000089000000 NTAMS 0x0000000089000000 space 1024K,   0% used [0x0000000089000000, 0x0000000089100000)
AC   0  F    TS     0 PTAMS 0x0000000089100000 NTAMS 0x0000000089100000 space 1024K,   0% used [0x0000000089100000, 0x0000000089200000)
AC   0  F    TS     0 PTAMS 0x0000000089200000 NTAMS 0x0000000089200000 space 1024K,   0% used [0x0000000089200000, 0x0000000089300000)
AC   0  F    TS     0 PTAMS 0x0000000089300000 NTAMS 0x0000000089300000 space 1024K,   0% used [0x0000000089300000, 0x0000000089400000)
AC   0  F    TS     0 PTAMS 0x0000000089400000 NTAMS 0x0000000089400000 space 1024K,   0% used [0x0000000089400000, 0x0000000089500000)
AC   0  F    TS     0 PTAMS 0x0000000089500000 NTAMS 0x0000000089500000 space 1024K,   0% used [0x0000000089500000, 0x0000000089600000)
AC   0  F    TS    17 PTAMS 0x0000000089600000 NTAMS 0x0000000089600000 space 1024K,   0% used [0x0000000089600000, 0x0000000089700000)
AC   0  F    TS    17 PTAMS 0x0000000089700000 NTAMS 0x0000000089700000 space 1024K,   0% used [0x0000000089700000, 0x0000000089800000)
AC   0  F    TS    17 PTAMS 0x0000000089800000 NTAMS 0x0000000089800000 space 1024K,   0% used [0x0000000089800000, 0x0000000089900000)
AC   0  F    TS    17 PTAMS 0x0000000089900000 NTAMS 0x0000000089900000 space 1024K,   0% used [0x0000000089900000, 0x0000000089a00000)
AC   0  F    TS    17 PTAMS 0x0000000089a00000 NTAMS 0x0000000089a00000 space 1024K,   0% used [0x0000000089a00000, 0x0000000089b00000)
AC   0  F    TS    17 PTAMS 0x0000000089b00000 NTAMS 0x0000000089b00000 space 1024K,   0% used [0x0000000089b00000, 0x0000000089c00000)
AC   0  F    TS    17 PTAMS 0x0000000089c00000 NTAMS 0x0000000089c00000 space 1024K,   0% used [0x0000000089c00000, 0x0000000089d00000)
AC   0  F    TS    17 PTAMS 0x0000000089d00000 NTAMS 0x0000000089d00000 space 1024K,   0% used [0x0000000089d00000, 0x0000000089e00000)
AC   0  F    TS    17 PTAMS 0x0000000089e00000 NTAMS 0x0000000089e00000 space 1024K,   0% used [0x0000000089e00000, 0x0000000089f00000)
AC   0  F    TS    17 PTAMS 0x0000000089f00000 NTAMS 0x0000000089f00000 space 1024K,   0% used [0x0000000089f00000, 0x000000008a000000)
AC   0  F    TS    17 PTAMS 0x000000008a000000 NTAMS 0x000000008a000000 space 1024K,   0% used [0x000000008a000000, 0x000000008a100000)
AC   0  F    TS    17 PTAMS 0x000000008a100000 NTAMS 0x000000008a100000 space 1024K,   0% used [0x000000008a100000, 0x000000008a200000)
AC   0  F    TS     0 PTAMS 0x000000008a200000 NTAMS 0x000000008a200000 space 1024K,   0% used [0x000000008a200000, 0x000000008a300000)
AC   0  F    TS     0 PTAMS 0x000000008a300000 NTAMS 0x000000008a300000 space 1024K,   0% used [0x000000008a300000, 0x000000008a400000)
AC   0  F    TS     0 PTAMS 0x000000008a400000 NTAMS 0x000000008a400000 space 1024K,   0% used [0x000000008a400000, 0x000000008a500000)
AC   0  F    TS     0 PTAMS 0x000000008a500000 NTAMS 0x000000008a500000 space 1024K,   0% used [0x000000008a500000, 0x000000008a600000)
AC   0  F    TS     0 PTAMS 0x000000008a600000 NTAMS 0x000000008a600000 space 1024K,   0% used [0x000000008a600000, 0x000000008a700000)
AC   0  F    TS     0 PTAMS 0x000000008a700000 NTAMS 0x000000008a700000 space 1024K,   0% used [0x000000008a700000, 0x000000008a800000)
AC   0  F    TS     0 PTAMS 0x000000008a800000 NTAMS 0x000000008a800000 space 1024K,   0% used [0x000000008a800000, 0x000000008a900000)
AC   0  F    TS     0 PTAMS 0x000000008a900000 NTAMS 0x000000008a900000 space 1024K,   0% used [0x000000008a900000, 0x000000008aa00000)
AC   0  F    TS     0 PTAMS 0x000000008aa00000 NTAMS 0x000000008aa00000 space 1024K,   0% used [0x000000008aa00000, 0x000000008ab00000)
AC   0  F    TS     0 PTAMS 0x000000008ab00000 NTAMS 0x000000008ab00000 space 1024K,   0% used [0x000000008ab00000, 0x000000008ac00000)
AC   0  F    TS     0 PTAMS 0x000000008ac00000 NTAMS 0x000000008ac00000 space 1024K,   0% used [0x000000008ac00000, 0x000000008ad00000)
AC   0  F    TS     0 PTAMS 0x000000008ad00000 NTAMS 0x000000008ad00000 space 1024K,   0% used [0x000000008ad00000, 0x000000008ae00000)
AC   0  F    TS     0 PTAMS 0x000000008ae00000 NTAMS 0x000000008ae00000 space 1024K,   0% used [0x000000008ae00000, 0x000000008af00000)
AC   0  F    TS     0 PTAMS 0x000000008af00000 NTAMS 0x000000008af00000 space 1024K,   0% used [0x000000008af00000, 0x000000008b000000)
AC   0  F    TS     0 PTAMS 0x000000008b000000 NTAMS 0x000000008b000000 space 1024K,   0% used [0x000000008b000000, 0x000000008b100000)
AC   0  F    TS     0 PTAMS 0x000000008b100000 NTAMS 0x000000008b100000 space 1024K,   0% used [0x000000008b100000, 0x000000008b200000)
AC   0  F    TS     0 PTAMS 0x000000008b200000 NTAMS 0x000000008b200000 space 1024K,   0% used [0x000000008b200000, 0x000000008b300000)
AC   0  F    TS     0 PTAMS 0x000000008b300000 NTAMS 0x000000008b300000 space 1024K,   0% used [0x000000008b300000, 0x000000008b400000)
AC   0  F    TS     0 PTAMS 0x000000008b400000 NTAMS 0x000000008b400000 space 1024K,   0% used [0x000000008b400000, 0x000000008b500000)
AC   0  F    TS     0 PTAMS 0x000000008b500000 NTAMS 0x000000008b500000 space 1024K,   0% used [0x000000008b500000, 0x000000008b600000)
AC   0  F    TS     0 PTAMS 0x000000008b600000 NTAMS 0x000000008b600000 space 1024K,   0% used [0x000000008b600000, 0x000000008b700000)
AC   0  F    TS     0 PTAMS 0x000000008b700000 NTAMS 0x000000008b700000 space 1024K,   0% used [0x000000008b700000, 0x000000008b800000)
AC   0  F    TS     0 PTAMS 0x000000008b800000 NTAMS 0x000000008b800000 space 1024K,   0% used [0x000000008b800000, 0x000000008b900000)
AC   0  F    TS     0 PTAMS 0x000000008b900000 NTAMS 0x000000008b900000 space 1024K,   0% used [0x000000008b900000, 0x000000008ba00000)
AC   0  F    TS     0 PTAMS 0x000000008ba00000 NTAMS 0x000000008ba00000 space 1024K,   0% used [0x000000008ba00000, 0x000000008bb00000)
AC   0  F    TS     0 PTAMS 0x000000008bb00000 NTAMS 0x000000008bb00000 space 1024K,   0% used [0x000000008bb00000, 0x000000008bc00000)
AC   0  F    TS     0 PTAMS 0x000000008bc00000 NTAMS 0x000000008bc00000 space 1024K,   0% used [0x000000008bc00000, 0x000000008bd00000)
AC   0  F    TS     0 PTAMS 0x000000008bd00000 NTAMS 0x000000008bd00000 space 1024K,   0% used [0x000000008bd00000, 0x000000008be00000)
AC   0  F    TS     0 PTAMS 0x000000008be00000 NTAMS 0x000000008be00000 space 1024K,   0% used [0x000000008be00000, 0x000000008bf00000)
AC   0  F    TS     0 PTAMS 0x000000008bf00000 NTAMS 0x000000008bf00000 space 1024K,   0% used [0x000000008bf00000, 0x000000008c000000)
AC   0  F    TS     0 PTAMS 0x000000008c000000 NTAMS 0x000000008c000000 space 1024K,   0% used [0x000000008c000000, 0x000000008c100000)
AC   0  F    TS     0 PTAMS 0x000000008c100000 NTAMS 0x000000008c100000 space 1024K,   0% used [0x000000008c100000, 0x000000008c200000)
AC   0  F    TS     0 PTAMS 0x000000008c200000 NTAMS 0x000000008c200000 space 1024K,   0% used [0x000000008c200000, 0x000000008c300000)
AC   0  F    TS     0 PTAMS 0x000000008c300000 NTAMS 0x000000008c300000 space 1024K,   0% used [0x000000008c300000, 0x000000008c400000)
AC   0  F    TS     0 PTAMS 0x000000008c400000 NTAMS 0x000000008c400000 space 1024K,   0% used [0x000000008c400000, 0x000000008c500000)
AC   0  F    TS     0 PTAMS 0x000000008c500000 NTAMS 0x000000008c500000 space 1024K,   0% used [0x000000008c500000, 0x000000008c600000)
AC   0  F    TS     0 PTAMS 0x000000008c600000 NTAMS 0x000000008c600000 space 1024K,   0% used [0x000000008c600000, 0x000000008c700000)
AC   0  F    TS     0 PTAMS 0x000000008c700000 NTAMS 0x000000008c700000 space 1024K,   0% used [0x000000008c700000, 0x000000008c800000)
AC   0  F    TS     0 PTAMS 0x000000008c800000 NTAMS 0x000000008c800000 space 1024K,   0% used [0x000000008c800000, 0x000000008c900000)
AC   0  F    TS     0 PTAMS 0x000000008c900000 NTAMS 0x000000008c900000 space 1024K,   0% used [0x000000008c900000, 0x000000008ca00000)
AC   0  F    TS     0 PTAMS 0x000000008ca00000 NTAMS 0x000000008ca00000 space 1024K,   0% used [0x000000008ca00000, 0x000000008cb00000)
AC   0  F    TS     0 PTAMS 0x000000008cb00000 NTAMS 0x000000008cb00000 space 1024K,   0% used [0x000000008cb00000, 0x000000008cc00000)
AC   0  F    TS     0 PTAMS 0x000000008cc00000 NTAMS 0x000000008cc00000 space 1024K,   0% used [0x000000008cc00000, 0x000000008cd00000)
AC   0  F    TS    15 PTAMS 0x000000008cd00000 NTAMS 0x000000008cd00000 space 1024K,   0% used [0x000000008cd00000, 0x000000008ce00000)
AC   0  F    TS    15 PTAMS 0x000000008ce00000 NTAMS 0x000000008ce00000 space 1024K,   0% used [0x000000008ce00000, 0x000000008cf00000)
AC   0  F    TS    15 PTAMS 0x000000008cf00000 NTAMS 0x000000008cf00000 space 1024K,   0% used [0x000000008cf00000, 0x000000008d000000)
AC   0  F    TS    15 PTAMS 0x000000008d000000 NTAMS 0x000000008d000000 space 1024K,   0% used [0x000000008d000000, 0x000000008d100000)
AC   0  F    TS    15 PTAMS 0x000000008d100000 NTAMS 0x000000008d100000 space 1024K,   0% used [0x000000008d100000, 0x000000008d200000)
AC   0  F    TS    15 PTAMS 0x000000008d200000 NTAMS 0x000000008d200000 space 1024K,   0% used [0x000000008d200000, 0x000000008d300000)
AC   0  F    TS     0 PTAMS 0x000000008d300000 NTAMS 0x000000008d300000 space 1024K,   0% used [0x000000008d300000, 0x000000008d400000)
AC   0  F    TS     0 PTAMS 0x000000008d400000 NTAMS 0x000000008d400000 space 1024K,   0% used [0x000000008d400000, 0x000000008d500000)
AC   0  F    TS     0 PTAMS 0x000000008d500000 NTAMS 0x000000008d500000 space 1024K,   0% used [0x000000008d500000, 0x000000008d600000)
AC   0  F    TS     0 PTAMS 0x000000008d600000 NTAMS 0x000000008d600000 space 1024K,   0% used [0x000000008d600000, 0x000000008d700000)
AC   0  F    TS     0 PTAMS 0x000000008d700000 NTAMS 0x000000008d700000 space 1024K,   0% used [0x000000008d700000, 0x000000008d800000)
AC   0  F    TS     0 PTAMS 0x000000008d800000 NTAMS 0x000000008d800000 space 1024K,   0% used [0x000000008d800000, 0x000000008d900000)
AC   0  F    TS     0 PTAMS 0x000000008d900000 NTAMS 0x000000008d900000 space 1024K,   0% used [0x000000008d900000, 0x000000008da00000)
AC   0  F    TS     0 PTAMS 0x000000008da00000 NTAMS 0x000000008da00000 space 1024K,   0% used [0x000000008da00000, 0x000000008db00000)
AC   0  F    TS     0 PTAMS 0x000000008db00000 NTAMS 0x000000008db00000 space 1024K,   0% used [0x000000008db00000, 0x000000008dc00000)
AC   0  F    TS     0 PTAMS 0x000000008dc00000 NTAMS 0x000000008dc00000 space 1024K,   0% used [0x000000008dc00000, 0x000000008dd00000)
AC   0  F    TS     0 PTAMS 0x000000008dd00000 NTAMS 0x000000008dd00000 space 1024K,   0% used [0x000000008dd00000, 0x000000008de00000)
AC   0  F    TS     0 PTAMS 0x000000008de00000 NTAMS 0x000000008de00000 space 1024K,   0% used [0x000000008de00000, 0x000000008df00000)
AC   0  F    TS     0 PTAMS 0x000000008df00000 NTAMS 0x000000008df00000 space 1024K,   0% used [0x000000008df00000, 0x000000008e000000)
AC   0  F    TS     0 PTAMS 0x000000008e000000 NTAMS 0x000000008e000000 space 1024K,   0% used [0x000000008e000000, 0x000000008e100000)
AC   0  F    TS     0 PTAMS 0x000000008e100000 NTAMS 0x000000008e100000 space 1024K,   0% used [0x000000008e100000, 0x000000008e200000)
AC   0  F    TS     0 PTAMS 0x000000008e200000 NTAMS 0x000000008e200000 space 1024K,   0% used [0x000000008e200000, 0x000000008e300000)
AC   0  F    TS     0 PTAMS 0x000000008e300000 NTAMS 0x000000008e300000 space 1024K,   0% used [0x000000008e300000, 0x000000008e400000)
AC   0  F    TS     0 PTAMS 0x000000008e400000 NTAMS 0x000000008e400000 space 1024K,   0% used [0x000000008e400000, 0x000000008e500000)
AC   0  F    TS     0 PTAMS 0x000000008e500000 NTAMS 0x000000008e500000 space 1024K,   0% used [0x000000008e500000, 0x000000008e600000)
AC   0  F    TS     0 PTAMS 0x000000008e600000 NTAMS 0x000000008e600000 space 1024K,   0% used [0x000000008e600000, 0x000000008e700000)
AC   0  F    TS     0 PTAMS 0x000000008e700000 NTAMS 0x000000008e700000 space 1024K,   0% used [0x000000008e700000, 0x000000008e800000)
AC   0  F    TS     0 PTAMS 0x000000008e800000 NTAMS 0x000000008e800000 space 1024K,   0% used [0x000000008e800000, 0x000000008e900000)
AC   0  F    TS    13 PTAMS 0x000000008e900000 NTAMS 0x000000008e900000 space 1024K,   0% used [0x000000008e900000, 0x000000008ea00000)
AC   0  F    TS    13 PTAMS 0x000000008ea00000 NTAMS 0x000000008ea00000 space 1024K,   0% used [0x000000008ea00000, 0x000000008eb00000)
AC   0  F    TS    13 PTAMS 0x000000008eb00000 NTAMS 0x000000008eb00000 space 1024K,   0% used [0x000000008eb00000, 0x000000008ec00000)
AC   0  F    TS     0 PTAMS 0x000000008ec00000 NTAMS 0x000000008ec00000 space 1024K,   0% used [0x000000008ec00000, 0x000000008ed00000)
AC   0  F    TS     0 PTAMS 0x000000008ed00000 NTAMS 0x000000008ed00000 space 1024K,   0% used [0x000000008ed00000, 0x000000008ee00000)
AC   0  F    TS     0 PTAMS 0x000000008ee00000 NTAMS 0x000000008ee00000 space 1024K,   0% used [0x000000008ee00000, 0x000000008ef00000)
AC   0  F    TS     0 PTAMS 0x000000008ef00000 NTAMS 0x000000008ef00000 space 1024K,   0% used [0x000000008ef00000, 0x000000008f000000)
AC   0  F    TS    11 PTAMS 0x000000008f000000 NTAMS 0x000000008f000000 space 1024K,   0% used [0x000000008f000000, 0x000000008f100000)
AC   0  F    TS    21 PTAMS 0x000000008f100000 NTAMS 0x000000008f100000 space 1024K,   0% used [0x000000008f100000, 0x000000008f200000)
AC   0  F    TS    21 PTAMS 0x000000008f200000 NTAMS 0x000000008f200000 space 1024K,   0% used [0x000000008f200000, 0x000000008f300000)
AC   0  F    TS     9 PTAMS 0x000000008f300000 NTAMS 0x000000008f300000 space 1024K,   0% used [0x000000008f300000, 0x000000008f400000)
AC   0  S CS TS    23 PTAMS 0x000000008f400000 NTAMS 0x000000008f400000 space 1024K, 100% used [0x000000008f400000, 0x000000008f500000)
AC   0  S CS TS    23 PTAMS 0x000000008f500000 NTAMS 0x000000008f500000 space 1024K, 100% used [0x000000008f500000, 0x000000008f600000)
AC   0  F    TS     0 PTAMS 0x000000008f600000 NTAMS 0x000000008f600000 space 1024K,   0% used [0x000000008f600000, 0x000000008f700000)
AC   0  F    TS     0 PTAMS 0x000000008f700000 NTAMS 0x000000008f700000 space 1024K,   0% used [0x000000008f700000, 0x000000008f800000)
AC   0  F    TS     0 PTAMS 0x000000008f800000 NTAMS 0x000000008f800000 space 1024K,   0% used [0x000000008f800000, 0x000000008f900000)
AC   0  F    TS     0 PTAMS 0x000000008f900000 NTAMS 0x000000008f900000 space 1024K,   0% used [0x000000008f900000, 0x000000008fa00000)
AC   0  F    TS     0 PTAMS 0x000000008fa00000 NTAMS 0x000000008fa00000 space 1024K,   0% used [0x000000008fa00000, 0x000000008fb00000)
AC   0  F    TS     0 PTAMS 0x000000008fb00000 NTAMS 0x000000008fb00000 space 1024K,   0% used [0x000000008fb00000, 0x000000008fc00000)
AC   0  F    TS     0 PTAMS 0x000000008fc00000 NTAMS 0x000000008fc00000 space 1024K,   0% used [0x000000008fc00000, 0x000000008fd00000)
AC   0  F    TS    19 PTAMS 0x000000008fd00000 NTAMS 0x000000008fd00000 space 1024K,   0% used [0x000000008fd00000, 0x000000008fe00000)
AC   0  F    TS    19 PTAMS 0x000000008fe00000 NTAMS 0x000000008fe00000 space 1024K,   0% used [0x000000008fe00000, 0x000000008ff00000)
AC   0  F    TS     0 PTAMS 0x000000008ff00000 NTAMS 0x000000008ff00000 space 1024K,   0% used [0x000000008ff00000, 0x0000000090000000)

Card table byte_map: [0x00007f4a4affc000,0x00007f4a4b3fc000] byte_map_base: 0x00007f4a4abfc000

Marking Bits (Prev, Next): (CMBitMap*) 0x00007f4a6804ea98, (CMBitMap*) 0x00007f4a6804eaf0
 Prev Bits: [0x00007f4a48bfc000, 0x00007f4a4abfc000)
 Next Bits: [0x00007f4a2e000000, 0x00007f4a30000000)

Polling page: 0x00007f4a6f500000

CodeCache: size=245760Kb used=3251Kb max_used=3261Kb free=242508Kb
 bounds [0x00007f4a58be5000, 0x00007f4a58f25000, 0x00007f4a67be5000]
 total_blobs=1258 nmethods=895 adapters=278
 compilation: enabled

Compilation events (10 events):
Event: 3,148 Thread 0x00007f4a681f2000 nmethod 888 0x00007f4a58f142d0 code [0x00007f4a58f14460, 0x00007f4a58f150b8]
Event: 3,148 Thread 0x00007f4a681f2000  883   !   4       org.reflections.util.ConfigurationBuilder::getMetadataAdapter (56 bytes)
Event: 3,149 Thread 0x00007f4a681f2000 nmethod 883 0x00007f4a58e8a890 code [0x00007f4a58e8a9e0, 0x00007f4a58e8aa58]
Event: 3,149 Thread 0x00007f4a681f2000  887       4       java.util.zip.Inflater::ensureOpen (47 bytes)
Event: 3,150 Thread 0x00007f4a681f6000  909       2       org.slf4j.impl.Log4jLoggerAdapter::isDebugEnabled (8 bytes)
Event: 3,150 Thread 0x00007f4a681f2000 nmethod 887 0x00007f4a58f00210 code [0x00007f4a58f00360, 0x00007f4a58f003f8]
Event: 3,150 Thread 0x00007f4a681f2000  893   !   4       java.util.zip.ZipFile$ZipFileInputStream::close (110 bytes)
Event: 3,150 Thread 0x00007f4a681f6000 nmethod 909 0x00007f4a58effc10 code [0x00007f4a58effd80, 0x00007f4a58effff0]
Event: 3,150 Thread 0x00007f4a681f6000  910       2       org.apache.log4j.Category::isDebugEnabled (28 bytes)
Event: 3,151 Thread 0x00007f4a681f6000 nmethod 910 0x00007f4a58f13d10 code [0x00007f4a58f13e80, 0x00007f4a58f140f0]

GC Heap History (10 events):
Event: 2,587 GC heap after
Heap after GC invocations=7 (full 0):
 garbage-first heap   total 262144K, used 12760K [0x0000000080000000, 0x0000000080100800, 0x0000000100000000)
  region size 1024K, 3 young (3072K), 3 survivors (3072K)
 Metaspace       used 10519K, capacity 10788K, committed 11136K, reserved 1058816K
  class space    used 1204K, capacity 1296K, committed 1408K, reserved 1048576K
}
Event: 2,706 GC heap before
{Heap before GC invocations=7 (full 0):
 garbage-first heap   total 262144K, used 55768K [0x0000000080000000, 0x0000000080100800, 0x0000000100000000)
  region size 1024K, 45 young (46080K), 3 survivors (3072K)
 Metaspace       used 10521K, capacity 10788K, committed 11136K, reserved 1058816K
  class space    used 1204K, capacity 1296K, committed 1408K, reserved 1048576K
Event: 2,719 GC heap after
Heap after GC invocations=8 (full 0):
 garbage-first heap   total 262144K, used 18115K [0x0000000080000000, 0x0000000080100800, 0x0000000100000000)
  region size 1024K, 6 young (6144K), 6 survivors (6144K)
 Metaspace       used 10521K, capacity 10788K, committed 11136K, reserved 1058816K
  class space    used 1204K, capacity 1296K, committed 1408K, reserved 1048576K
}
Event: 2,990 GC heap before
{Heap before GC invocations=8 (full 0):
 garbage-first heap   total 262144K, used 108227K [0x0000000080000000, 0x0000000080100800, 0x0000000100000000)
  region size 1024K, 94 young (96256K), 6 survivors (6144K)
 Metaspace       used 10523K, capacity 10788K, committed 11136K, reserved 1058816K
  class space    used 1204K, capacity 1296K, committed 1408K, reserved 1048576K
Event: 3,018 GC heap after
Heap after GC invocations=9 (full 0):
 garbage-first heap   total 262144K, used 28057K [0x0000000080000000, 0x0000000080100800, 0x0000000100000000)
  region size 1024K, 12 young (12288K), 12 survivors (12288K)
 Metaspace       used 10523K, capacity 10788K, committed 11136K, reserved 1058816K
  class space    used 1204K, capacity 1296K, committed 1408K, reserved 1048576K
}
Event: 3,023 GC heap before
{Heap before GC invocations=9 (full 0):
 garbage-first heap   total 262144K, used 29081K [0x0000000080000000, 0x0000000080100800, 0x0000000100000000)
  region size 1024K, 13 young (13312K), 12 survivors (12288K)
 Metaspace       used 10523K, capacity 10788K, committed 11136K, reserved 1058816K
  class space    used 1204K, capacity 1296K, committed 1408K, reserved 1048576K
Event: 3,079 GC heap after
Heap after GC invocations=10 (full 0):
 garbage-first heap   total 262144K, used 27648K [0x0000000080000000, 0x0000000080100800, 0x0000000100000000)
  region size 1024K, 2 young (2048K), 2 survivors (2048K)
 Metaspace       used 10523K, capacity 10788K, committed 11136K, reserved 1058816K
  class space    used 1204K, capacity 1296K, committed 1408K, reserved 1048576K
}
Event: 3,109 GC heap before
{Heap before GC invocations=10 (full 0):
 garbage-first heap   total 262144K, used 37888K [0x0000000080000000, 0x0000000080100800, 0x0000000100000000)
  region size 1024K, 13 young (13312K), 2 survivors (2048K)
 Metaspace       used 10528K, capacity 10788K, committed 11136K, reserved 1058816K
  class space    used 1204K, capacity 1296K, committed 1408K, reserved 1048576K
Event: 3,118 GC heap after
Heap after GC invocations=11 (full 0):
 garbage-first heap   total 262144K, used 30208K [0x0000000080000000, 0x0000000080100800, 0x0000000100000000)
  region size 1024K, 2 young (2048K), 2 survivors (2048K)
 Metaspace       used 10528K, capacity 10788K, committed 11136K, reserved 1058816K
  class space    used 1204K, capacity 1296K, committed 1408K, reserved 1048576K
}
Event: 3,171 GC heap before
{Heap before GC invocations=11 (full 0):
 garbage-first heap   total 262144K, used 40448K [0x0000000080000000, 0x0000000080100800, 0x0000000100000000)
  region size 1024K, 12 young (12288K), 2 survivors (2048K)
 Metaspace       used 10530K, capacity 10788K, committed 11136K, reserved 1058816K
  class space    used 1204K, capacity 1296K, committed 1408K, reserved 1048576K

Deoptimization events (1 events):
Event: 2,463 Thread 0x00007f4a68802800 Uncommon trap: reason=unstable_if action=reinterpret pc=0x00007f4a58ec76b4 method=java.io.DataInputStream.readUTF(Ljava/io/DataInput;)Ljava/lang/String; @ 112

Classes redefined (0 events):
No events

Internal exceptions (10 events):
Event: 1,434 Thread 0x00007f4a6800e000 Exception <a 'java/lang/NoSuchFieldError': method resolution failed> (0x000000008fb1a088) thrown at [/build/openjdk-8-OqY7zN/openjdk-8-8u222-b10/src/hotspot/src/share/vm/prims/methodHandles.cpp, line 1167]
Event: 1,437 Thread 0x00007f4a6800e000 Exception <a 'java/lang/NoSuchFieldError': method resolution failed> (0x000000008fb27888) thrown at [/build/openjdk-8-OqY7zN/openjdk-8-8u222-b10/src/hotspot/src/share/vm/prims/methodHandles.cpp, line 1167]
Event: 1,710 Thread 0x00007f4a6800e000 Exception <a 'java/lang/ClassNotFoundException': org/apache/log4j/PatternLayoutBeanInfo> (0x000000008f7026d0) thrown at [/build/openjdk-8-OqY7zN/openjdk-8-8u222-b10/src/hotspot/src/share/vm/classfile/systemDictionary.cpp, line 210]
Event: 1,710 Thread 0x00007f4a6800e000 Exception <a 'java/lang/ClassNotFoundException': org/apache/log4j/LayoutBeanInfo> (0x000000008f710d80) thrown at [/build/openjdk-8-OqY7zN/openjdk-8-8u222-b10/src/hotspot/src/share/vm/classfile/systemDictionary.cpp, line 210]
Event: 1,710 Thread 0x00007f4a6800e000 Exception <a 'java/lang/ClassNotFoundException': java/lang/ObjectBeanInfo> (0x000000008f7173f8) thrown at [/build/openjdk-8-OqY7zN/openjdk-8-8u222-b10/src/hotspot/src/share/vm/classfile/systemDictionary.cpp, line 210]
Event: 1,711 Thread 0x00007f4a6800e000 Exception <a 'java/lang/ClassNotFoundException': java/lang/ObjectCustomizer> (0x000000008f71dda0) thrown at [/build/openjdk-8-OqY7zN/openjdk-8-8u222-b10/src/hotspot/src/share/vm/classfile/systemDictionary.cpp, line 210]
Event: 1,718 Thread 0x00007f4a6800e000 Exception <a 'java/lang/ArrayIndexOutOfBoundsException'> (0x000000008f721b00) thrown at [/build/openjdk-8-OqY7zN/openjdk-8-8u222-b10/src/hotspot/src/share/vm/runtime/sharedRuntime.cpp, line 605]
Event: 1,719 Thread 0x00007f4a6800e000 Exception <a 'java/lang/ArrayIndexOutOfBoundsException'> (0x000000008f723b48) thrown at [/build/openjdk-8-OqY7zN/openjdk-8-8u222-b10/src/hotspot/src/share/vm/runtime/sharedRuntime.cpp, line 605]
Event: 1,724 Thread 0x00007f4a6800e000 Exception <a 'java/lang/ClassNotFoundException': org/apache/log4j/LayoutCustomizer> (0x000000008f7347c8) thrown at [/build/openjdk-8-OqY7zN/openjdk-8-8u222-b10/src/hotspot/src/share/vm/classfile/systemDictionary.cpp, line 210]
Event: 1,726 Thread 0x00007f4a6800e000 Exception <a 'java/lang/ClassNotFoundException': org/apache/log4j/PatternLayoutCustomizer> (0x000000008f758218) thrown at [/build/openjdk-8-OqY7zN/openjdk-8-8u222-b10/src/hotspot/src/share/vm/classfile/systemDictionary.cpp, line 210]

Events (10 events):
Event: 2,722 Executing VM operation: G1IncCollectionPause done
Event: 2,990 Executing VM operation: G1IncCollectionPause
Event: 3,018 Executing VM operation: G1IncCollectionPause done
Event: 3,022 Executing VM operation: G1IncCollectionPause
Event: 3,079 Executing VM operation: G1IncCollectionPause done
Event: 3,108 Executing VM operation: G1IncCollectionPause
Event: 3,109 Executing VM operation: G1IncCollectionPause done
Event: 3,109 Executing VM operation: G1IncCollectionPause
Event: 3,118 Executing VM operation: G1IncCollectionPause done
Event: 3,171 Executing VM operation: G1IncCollectionPause


Dynamic libraries:
80000000-90000000 rw-p 00000000 00:00 0 
a0000000-100000000 ---p 00000000 00:00 0 
100000000-100160000 rw-p 00000000 00:00 0 
100160000-140000000 ---p 00000000 00:00 0 
55bcece0e000-55bcece0f000 r-xp 00000000 08:01 1316457                    /usr/lib/jvm/java-8-openjdk-amd64/jre/bin/java
55bced00e000-55bced00f000 r--p 00000000 08:01 1316457                    /usr/lib/jvm/java-8-openjdk-amd64/jre/bin/java
55bced00f000-55bced010000 rw-p 00001000 08:01 1316457                    /usr/lib/jvm/java-8-openjdk-amd64/jre/bin/java
55bcedf3f000-55bcedf60000 rw-p 00000000 00:00 0                          [heap]
7f49dc000000-7f49dc034000 rw-p 00000000 00:00 0 
7f49dc034000-7f49e0000000 ---p 00000000 00:00 0 
7f49e4000000-7f49e4021000 rw-p 00000000 00:00 0 
7f49e4021000-7f49e8000000 ---p 00000000 00:00 0 
7f49e8000000-7f49e8021000 rw-p 00000000 00:00 0 
7f49e8021000-7f49ec000000 ---p 00000000 00:00 0 
7f49ec000000-7f49ec021000 rw-p 00000000 00:00 0 
7f49ec021000-7f49f0000000 ---p 00000000 00:00 0 
7f49f0000000-7f49f0027000 rw-p 00000000 00:00 0 
7f49f0027000-7f49f4000000 ---p 00000000 00:00 0 
7f49f4000000-7f49f4021000 rw-p 00000000 00:00 0 
7f49f4021000-7f49f8000000 ---p 00000000 00:00 0 
7f49f8fff000-7f49fc000000 rw-p 00000000 00:00 0 
7f49fc000000-7f49fc525000 rw-p 00000000 00:00 0 
7f49fc525000-7f4a00000000 ---p 00000000 00:00 0 
7f4a00000000-7f4a00021000 rw-p 00000000 00:00 0 
7f4a00021000-7f4a04000000 ---p 00000000 00:00 0 
7f4a04000000-7f4a0449b000 rw-p 00000000 00:00 0 
7f4a0449b000-7f4a08000000 ---p 00000000 00:00 0 
7f4a08000000-7f4a08592000 rw-p 00000000 00:00 0 
7f4a08592000-7f4a0c000000 ---p 00000000 00:00 0 
7f4a0c000000-7f4a0c021000 rw-p 00000000 00:00 0 
7f4a0c021000-7f4a10000000 ---p 00000000 00:00 0 
7f4a10000000-7f4a10021000 rw-p 00000000 00:00 0 
7f4a10021000-7f4a14000000 ---p 00000000 00:00 0 
7f4a14000000-7f4a14021000 rw-p 00000000 00:00 0 
7f4a14021000-7f4a18000000 ---p 00000000 00:00 0 
7f4a18000000-7f4a18021000 rw-p 00000000 00:00 0 
7f4a18021000-7f4a1c000000 ---p 00000000 00:00 0 
7f4a1c000000-7f4a1c021000 rw-p 00000000 00:00 0 
7f4a1c021000-7f4a20000000 ---p 00000000 00:00 0 
7f4a20000000-7f4a20021000 rw-p 00000000 00:00 0 
7f4a20021000-7f4a24000000 ---p 00000000 00:00 0 
7f4a255ac000-7f4a255d7000 r--s 00272000 08:01 4327909                    /home/francisco/Downloads/kafka_2.12-2.3.0/libs/kafka-clients-2.3.0.jar
7f4a25619000-7f4a25622000 r--s 00096000 08:01 4327959                    /home/francisco/Downloads/kafka_2.12-2.3.0/libs/jetty-server-9.4.18.v20190429.jar
7f4a25622000-7f4a25625000 r--s 00015000 08:01 4327968                    /home/francisco/Downloads/kafka_2.12-2.3.0/libs/javax.servlet-api-3.1.0.jar
7f4a25625000-7f4a25628000 r--s 0002f000 08:01 4327969                    /home/francisco/Downloads/kafka_2.12-2.3.0/libs/jetty-http-9.4.18.v20190429.jar
7f4a25628000-7f4a2562b000 ---p 00000000 00:00 0 
7f4a2562b000-7f4a25729000 rw-p 00000000 00:00 0 
7f4a25729000-7f4a2572c000 ---p 00000000 00:00 0 
7f4a2572c000-7f4a2582a000 rw-p 00000000 00:00 0 
7f4a2582a000-7f4a2582d000 ---p 00000000 00:00 0 
7f4a2582d000-7f4a2592b000 rw-p 00000000 00:00 0 
7f4a2592b000-7f4a2592e000 ---p 00000000 00:00 0 
7f4a2592e000-7f4a25bac000 rw-p 00000000 00:00 0 
7f4a25bac000-7f4a25c2c000 ---p 00000000 00:00 0 
7f4a25c2c000-7f4a25c2d000 ---p 00000000 00:00 0 
7f4a25c2d000-7f4a25d2d000 rw-p 00000000 00:00 0 
7f4a25d2d000-7f4a25d30000 ---p 00000000 00:00 0 
7f4a25d30000-7f4a25e2e000 rw-p 00000000 00:00 0 
7f4a25e2e000-7f4a25e33000 r--s 000a3000 08:01 1325268                    /usr/lib/jvm/java-8-openjdk-amd64/jre/lib/jsse.jar
7f4a25e33000-7f4a25e35000 r--s 003ca000 08:01 4327923                    /home/francisco/Downloads/kafka_2.12-2.3.0/libs/zstd-jni-1.4.0-1.jar
7f4a25e35000-7f4a25e42000 r--s 000d2000 08:01 4327921                    /home/francisco/Downloads/kafka_2.12-2.3.0/libs/zookeeper-3.4.14.jar
7f4a25e42000-7f4a25e45000 r--s 00010000 08:01 4327920                    /home/francisco/Downloads/kafka_2.12-2.3.0/libs/zkclient-0.11.jar
7f4a25e45000-7f4a25e4a000 r--s 00012000 08:01 4327979                    /home/francisco/Downloads/kafka_2.12-2.3.0/libs/validation-api-2.0.1.Final.jar
7f4a25e4a000-7f4a25e4c000 r--s 00002000 08:01 4327928                    /home/francisco/Downloads/kafka_2.12-2.3.0/libs/spotbugs-annotations-3.1.9.jar
7f4a25e4c000-7f4a25e4f000 r--s 001eb000 08:01 4327925                    /home/francisco/Downloads/kafka_2.12-2.3.0/libs/snappy-java-1.1.7.3.jar
7f4a25e4f000-7f4a25e50000 r--s 00002000 08:01 4327952                    /home/francisco/Downloads/kafka_2.12-2.3.0/libs/slf4j-log4j12-1.7.26.jar
7f4a25e50000-7f4a25e52000 r--s 00009000 08:01 4327922                    /home/francisco/Downloads/kafka_2.12-2.3.0/libs/slf4j-api-1.7.26.jar
7f4a25e52000-7f4a25e75000 r--s 00357000 08:01 4327918                    /home/francisco/Downloads/kafka_2.12-2.3.0/libs/scala-reflect-2.12.8.jar
7f4a25e75000-7f4a25e77000 r--s 0000c000 08:01 4327917                    /home/francisco/Downloads/kafka_2.12-2.3.0/libs/scala-logging_2.12-3.9.0.jar
7f4a25e77000-7f4a25eaf000 r--s 004d0000 08:01 4327919                    /home/francisco/Downloads/kafka_2.12-2.3.0/libs/scala-library-2.12.8.jar
7f4a25eaf000-7f4a25eb3000 r--s 00c13000 08:01 4327996                    /home/francisco/Downloads/kafka_2.12-2.3.0/libs/rocksdbjni-5.18.3.jar
7f4a25eb3000-7f4a25eb6000 r--s 0001d000 08:01 4327988                    /home/francisco/Downloads/kafka_2.12-2.3.0/libs/reflections-0.9.11.jar
7f4a25eb6000-7f4a25eba000 r--s 0003d000 08:01 4327991                    /home/francisco/Downloads/kafka_2.12-2.3.0/libs/plexus-utils-3.2.0.jar
7f4a25eba000-7f4a25ebc000 r--s 00007000 08:01 4327930                    /home/francisco/Downloads/kafka_2.12-2.3.0/libs/paranamer-2.8.jar
7f4a25ebc000-7f4a25ebd000 r--s 00004000 08:01 4327978                    /home/francisco/Downloads/kafka_2.12-2.3.0/libs/osgi-resource-locator-1.0.1.jar
7f4a25ebd000-7f4a25ed6000 r--s 00220000 08:01 4330394                    /home/francisco/Downloads/kafka_2.12-2.3.0/libs/mysql-connector-java-8.0.18.jar
7f4a25ed6000-7f4a25ed9000 r--s 00012000 08:01 4327916                    /home/francisco/Downloads/kafka_2.12-2.3.0/libs/metrics-core-2.2.0.jar
7f4a25ed9000-7f4a25edc000 r--s 0000c000 08:01 4327989                    /home/francisco/Downloads/kafka_2.12-2.3.0/libs/maven-artifact-3.6.1.jar
7f4a25edc000-7f4a25edf000 r--s 0009a000 08:01 4327924                    /home/francisco/Downloads/kafka_2.12-2.3.0/libs/lz4-java-1.6.0.jar
7f4a25edf000-7f4a25ee8000 r--s 0006f000 08:01 4327973                    /home/francisco/Downloads/kafka_2.12-2.3.0/libs/log4j-1.2.17.jar
7f4a25ee8000-7f4a25eef000 r--s 00054000 08:01 4327946                    /home/francisco/Downloads/kafka_2.12-2.3.0/libs/kafka-tools-2.3.0.jar
7f4a25eef000-7f4a25ef1000 r--s 00009000 08:01 4327998                    /home/francisco/Downloads/kafka_2.12-2.3.0/libs/kafka-streams-test-utils-2.3.0.jar
7f4a25ef1000-7f4a25ef6000 r--s 00026000 08:01 4327997                    /home/francisco/Downloads/kafka_2.12-2.3.0/libs/kafka-streams-scala_2.12-2.3.0.jar
7f4a25ef6000-7f4a25ef8000 r--s 00008000 08:01 4327999                    /home/francisco/Downloads/kafka_2.12-2.3.0/libs/kafka-streams-examples-2.3.0.jar
7f4a25ef8000-7f4a25f0c000 r--s 000e3000 08:01 4327995                    /home/francisco/Downloads/kafka_2.12-2.3.0/libs/kafka-streams-2.3.0.jar
7f4a25f0c000-7f4a25f0d000 r--s 00003000 08:01 4327947                    /home/francisco/Downloads/kafka_2.12-2.3.0/libs/kafka-log4j-appender-2.3.0.jar
7f4a25f0d000-7f4a25f11000 r--s 00033000 08:01 4328796                    /home/francisco/Downloads/kafka_2.12-2.3.0/libs/kafka-connect-jdbc-5.3.1.jar
7f4a25f11000-7f4a25f3c000 r--s 00272000 08:01 4327909                    /home/francisco/Downloads/kafka_2.12-2.3.0/libs/kafka-clients-2.3.0.jar
7f4a25f3c000-7f4a25f42000 r--s 000b5000 08:01 4327939                    /home/francisco/Downloads/kafka_2.12-2.3.0/libs/kafka_2.12-2.3.0-sources.jar
7f4a25f42000-7f4a25f60000 r--s 003de000 08:01 4327932                    /home/francisco/Downloads/kafka_2.12-2.3.0/libs/kafka_2.12-2.3.0.jar
7f4a25f60000-7f4a25f62000 r--s 00003000 08:01 4327931                    /home/francisco/Downloads/kafka_2.12-2.3.0/libs/jsr305-3.0.2.jar
7f4a25f62000-7f4a25f65000 r--s 00011000 08:01 4327915                    /home/francisco/Downloads/kafka_2.12-2.3.0/libs/jopt-simple-5.0.4.jar
7f4a25f65000-7f4a25f6d000 r--s 00079000 08:01 4327972                    /home/francisco/Downloads/kafka_2.12-2.3.0/libs/jetty-util-9.4.18.v20190429.jar
7f4a25f6d000-7f4a25f6f000 r--s 00017000 08:01 4327960                    /home/francisco/Downloads/kafka_2.12-2.3.0/libs/jetty-servlets-9.4.18.v20190429.jar
7f4a25f6f000-7f4a25f71000 r--s 0001c000 08:01 4327957                    /home/francisco/Downloads/kafka_2.12-2.3.0/libs/jetty-servlet-9.4.18.v20190429.jar
7f4a25f71000-7f4a25f7a000 r--s 00096000 08:01 4327959                    /home/francisco/Downloads/kafka_2.12-2.3.0/libs/jetty-server-9.4.18.v20190429.jar
7f4a25f7a000-7f4a25f7d000 r--s 0001a000 08:01 4327958                    /home/francisco/Downloads/kafka_2.12-2.3.0/libs/jetty-security-9.4.18.v20190429.jar
7f4a25f7d000-7f4a25f81000 r--s 00023000 08:01 4327970                    /home/francisco/Downloads/kafka_2.12-2.3.0/libs/jetty-io-9.4.18.v20190429.jar
7f4a25f81000-7f4a25f84000 r--s 0002f000 08:01 4327969                    /home/francisco/Downloads/kafka_2.12-2.3.0/libs/jetty-http-9.4.18.v20190429.jar
7f4a25f84000-7f4a25f86000 r--s 00005000 08:01 4327971                    /home/francisco/Downloads/kafka_2.12-2.3.0/libs/jetty-continuation-9.4.18.v20190429.jar
7f4a25f86000-7f4a25f8d000 r--s 00043000 08:01 4327987                    /home/francisco/Downloads/kafka_2.12-2.3.0/libs/jetty-client-9.4.18.v20190429.jar
7f4a25f8d000-7f4a25fa1000 r--s 000d1000 08:01 4327962                    /home/francisco/Downloads/kafka_2.12-2.3.0/libs/jersey-server-2.28.jar
7f4a25fa1000-7f4a25fa3000 r--s 00013000 08:01 4327964                    /home/francisco/Downloads/kafka_2.12-2.3.0/libs/jersey-media-jaxb-2.28.jar
7f4a25fa3000-7f4a25fa5000 r--s 00011000 08:01 4327954                    /home/francisco/Downloads/kafka_2.12-2.3.0/libs/jersey-hk2-2.28.jar
7f4a25fa5000-7f4a25fa7000 r--s 00010000 08:01 4327961                    /home/francisco/Downloads/kafka_2.12-2.3.0/libs/jersey-container-servlet-core-2.28.jar
7f4a25fa7000-7f4a25fa8000 r--s 00007000 08:01 4327953                    /home/francisco/Downloads/kafka_2.12-2.3.0/libs/jersey-container-servlet-2.28.jar
7f4a25fa8000-7f4a25fbf000 r--s 00100000 08:01 4327965                    /home/francisco/Downloads/kafka_2.12-2.3.0/libs/jersey-common-2.28.jar
7f4a25fbf000-7f4a25fc3000 r--s 0002c000 08:01 4327963                    /home/francisco/Downloads/kafka_2.12-2.3.0/libs/jersey-client-2.28.jar
7f4a25fc3000-7f4a25fc7000 r--s 0001b000 08:01 4327955                    /home/francisco/Downloads/kafka_2.12-2.3.0/libs/jaxb-api-2.3.0.jar
7f4a25fc7000-7f4a25fcb000 r--s 0001b000 08:01 4327983                    /home/francisco/Downloads/kafka_2.12-2.3.0/libs/javax.ws.rs-api-2.1.1.jar
7f4a25fcb000-7f4a25fce000 r--s 00015000 08:01 4327968                    /home/francisco/Downloads/kafka_2.12-2.3.0/libs/javax.servlet-api-3.1.0.jar
7f4a25fce000-7f4a25fd8000 r--s 000ab000 08:01 4327981                    /home/francisco/Downloads/kafka_2.12-2.3.0/libs/javassist-3.22.0-CR2.jar
7f4a25fd8000-7f4a25fdc000 r--s 0001f000 08:01 4327966                    /home/francisco/Downloads/kafka_2.12-2.3.0/libs/jakarta.ws.rs-api-2.1.5.jar
7f4a25fdc000-7f4a25fdd000 r--s 00001000 08:01 4327976                    /home/francisco/Downloads/kafka_2.12-2.3.0/libs/jakarta.inject-2.5.0.jar
7f4a25fdd000-7f4a25fe3000 r--s 00049000 08:01 4327910                    /home/francisco/Downloads/kafka_2.12-2.3.0/libs/jackson-module-scala_2.12-2.9.9.jar
7f4a25fe3000-7f4a25ff6000 r--s 00137000 08:01 4327914                    /home/francisco/Downloads/kafka_2.12-2.3.0/libs/jackson-databind-2.9.9.jar
7f4a25ff6000-7f4a26007000 r-xp 00000000 08:01 1325224                    /usr/lib/jvm/java-8-openjdk-amd64/jre/lib/amd64/libnio.so
7f4a26007000-7f4a26206000 ---p 00011000 08:01 1325224                    /usr/lib/jvm/java-8-openjdk-amd64/jre/lib/amd64/libnio.so
7f4a26206000-7f4a26207000 r--p 00010000 08:01 1325224                    /usr/lib/jvm/java-8-openjdk-amd64/jre/lib/amd64/libnio.so
7f4a26207000-7f4a26208000 rw-p 00011000 08:01 1325224                    /usr/lib/jvm/java-8-openjdk-amd64/jre/lib/amd64/libnio.so
7f4a26208000-7f4a26211000 r-xp 00000000 08:01 1325221                    /usr/lib/jvm/java-8-openjdk-amd64/jre/lib/amd64/libmanagement.so
7f4a26211000-7f4a26410000 ---p 00009000 08:01 1325221                    /usr/lib/jvm/java-8-openjdk-amd64/jre/lib/amd64/libmanagement.so
7f4a26410000-7f4a26411000 r--p 00008000 08:01 1325221                    /usr/lib/jvm/java-8-openjdk-amd64/jre/lib/amd64/libmanagement.so
7f4a26411000-7f4a26412000 rw-p 00009000 08:01 1325221                    /usr/lib/jvm/java-8-openjdk-amd64/jre/lib/amd64/libmanagement.so
7f4a26412000-7f4a26428000 r-xp 00000000 08:01 1325223                    /usr/lib/jvm/java-8-openjdk-amd64/jre/lib/amd64/libnet.so
7f4a26428000-7f4a26627000 ---p 00016000 08:01 1325223                    /usr/lib/jvm/java-8-openjdk-amd64/jre/lib/amd64/libnet.so
7f4a26627000-7f4a26628000 r--p 00015000 08:01 1325223                    /usr/lib/jvm/java-8-openjdk-amd64/jre/lib/amd64/libnet.so
7f4a26628000-7f4a26629000 rw-p 00016000 08:01 1325223                    /usr/lib/jvm/java-8-openjdk-amd64/jre/lib/amd64/libnet.so
7f4a26629000-7f4a2662c000 ---p 00000000 00:00 0 
7f4a2662c000-7f4a2672a000 rw-p 00000000 00:00 0 
7f4a2672a000-7f4a2672b000 ---p 00000000 00:00 0 
7f4a2672b000-7f4a2672e000 ---p 00000000 00:00 0 
7f4a2672e000-7f4a2682b000 rw-p 00000000 00:00 0 
7f4a2682b000-7f4a2682c000 ---p 00000000 00:00 0 
7f4a2682c000-7f4a2682f000 ---p 00000000 00:00 0 
7f4a2682f000-7f4a2692c000 rw-p 00000000 00:00 0 
7f4a2692c000-7f4a2692d000 ---p 00000000 00:00 0 
7f4a2692d000-7f4a26930000 ---p 00000000 00:00 0 
7f4a26930000-7f4a26a2d000 rw-p 00000000 00:00 0 
7f4a26a2d000-7f4a26a30000 ---p 00000000 00:00 0 
7f4a26a30000-7f4a26b2e000 rw-p 00000000 00:00 0 
7f4a26b2e000-7f4a26b31000 ---p 00000000 00:00 0 
7f4a26b31000-7f4a26c2f000 rw-p 00000000 00:00 0 
7f4a26c2f000-7f4a275fe000 r--p 00000000 08:01 793284                     /usr/lib/locale/locale-archive
7f4a275fe000-7f4a27601000 ---p 00000000 00:00 0 
7f4a27601000-7f4a276ff000 rw-p 00000000 00:00 0 
7f4a276ff000-7f4a27702000 ---p 00000000 00:00 0 
7f4a27702000-7f4a28000000 rw-p 00000000 00:00 0 
7f4a28000000-7f4a28021000 rw-p 00000000 00:00 0 
7f4a28021000-7f4a2c000000 ---p 00000000 00:00 0 
7f4a2c000000-7f4a2e400000 rw-p 00000000 00:00 0 
7f4a2e400000-7f4a30000000 ---p 00000000 00:00 0 
7f4a30000000-7f4a30021000 rw-p 00000000 00:00 0 
7f4a30021000-7f4a34000000 ---p 00000000 00:00 0 
7f4a34000000-7f4a34021000 rw-p 00000000 00:00 0 
7f4a34021000-7f4a38000000 ---p 00000000 00:00 0 
7f4a38000000-7f4a38021000 rw-p 00000000 00:00 0 
7f4a38021000-7f4a3c000000 ---p 00000000 00:00 0 
7f4a3c000000-7f4a3c021000 rw-p 00000000 00:00 0 
7f4a3c021000-7f4a40000000 ---p 00000000 00:00 0 
7f4a40000000-7f4a40021000 rw-p 00000000 00:00 0 
7f4a40021000-7f4a44000000 ---p 00000000 00:00 0 
7f4a44000000-7f4a44021000 rw-p 00000000 00:00 0 
7f4a44021000-7f4a48000000 ---p 00000000 00:00 0 
7f4a48000000-7f4a48002000 r--s 00005000 08:01 4327977                    /home/francisco/Downloads/kafka_2.12-2.3.0/libs/jakarta.annotation-api-1.3.4.jar
7f4a48002000-7f4a48004000 r--s 00009000 08:01 4327913                    /home/francisco/Downloads/kafka_2.12-2.3.0/libs/jackson-module-paranamer-2.9.9.jar
7f4a48004000-7f4a48005000 r--s 00007000 08:01 4327951                    /home/francisco/Downloads/kafka_2.12-2.3.0/libs/jackson-module-jaxb-annotations-2.9.9.jar
7f4a48005000-7f4a48006000 r--s 00003000 08:01 4327949                    /home/francisco/Downloads/kafka_2.12-2.3.0/libs/jackson-jaxrs-json-provider-2.9.9.jar
7f4a48006000-7f4a48007000 r--s 00007000 08:01 4327950                    /home/francisco/Downloads/kafka_2.12-2.3.0/libs/jackson-jaxrs-base-2.9.9.jar
7f4a48007000-7f4a4800b000 r--s 0004c000 08:01 4327927                    /home/francisco/Downloads/kafka_2.12-2.3.0/libs/jackson-core-2.9.9.jar
7f4a4800b000-7f4a4800e000 r--s 0000e000 08:01 4327926                    /home/francisco/Downloads/kafka_2.12-2.3.0/libs/jackson-annotations-2.9.9.jar
7f4a4800e000-7f4a48011000 r--s 0001a000 08:01 4327975                    /home/francisco/Downloads/kafka_2.12-2.3.0/libs/hk2-utils-2.5.0.jar
7f4a48011000-7f4a48014000 r--s 0002b000 08:01 4327967                    /home/francisco/Downloads/kafka_2.12-2.3.0/libs/hk2-locator-2.5.0.jar
7f4a48014000-7f4a48019000 r--s 00029000 08:01 4327974                    /home/francisco/Downloads/kafka_2.12-2.3.0/libs/hk2-api-2.5.0.jar
7f4a48019000-7f4a48048000 r--s 00226000 08:01 4327990                    /home/francisco/Downloads/kafka_2.12-2.3.0/libs/guava-20.0.jar
7f4a48048000-7f4a48050000 r--s 00077000 08:01 4327984                    /home/francisco/Downloads/kafka_2.12-2.3.0/libs/connect-runtime-2.3.0.jar
7f4a48050000-7f4a48051000 ---p 00000000 00:00 0 
7f4a48051000-7f4a48151000 rw-p 00000000 00:00 0 
7f4a48151000-7f4a48321000 r--s 03c5c000 08:01 1325274                    /usr/lib/jvm/java-8-openjdk-amd64/jre/lib/rt.jar
7f4a48321000-7f4a489fa000 rw-p 00000000 00:00 0 
7f4a489fa000-7f4a489fb000 ---p 00000000 00:00 0 
7f4a489fb000-7f4a48afb000 rw-p 00000000 00:00 0 
7f4a48afb000-7f4a48afc000 ---p 00000000 00:00 0 
7f4a48afc000-7f4a48ffc000 rw-p 00000000 00:00 0 
7f4a48ffc000-7f4a4abfc000 ---p 00000000 00:00 0 
7f4a4abfc000-7f4a4ac7c000 rw-p 00000000 00:00 0 
7f4a4ac7c000-7f4a4affc000 ---p 00000000 00:00 0 
7f4a4affc000-7f4a4b07c000 rw-p 00000000 00:00 0 
7f4a4b07c000-7f4a4b7fc000 ---p 00000000 00:00 0 
7f4a4b7fc000-7f4a4b87c000 rw-p 00000000 00:00 0 
7f4a4b87c000-7f4a4bbfc000 ---p 00000000 00:00 0 
7f4a4bbfc000-7f4a4bbfd000 ---p 00000000 00:00 0 
7f4a4bbfd000-7f4a4bcfd000 rw-p 00000000 00:00 0 
7f4a4bcfd000-7f4a4bcfe000 ---p 00000000 00:00 0 
7f4a4bcfe000-7f4a4bdfe000 rw-p 00000000 00:00 0 
7f4a4bdfe000-7f4a4bdff000 ---p 00000000 00:00 0 
7f4a4bdff000-7f4a4beff000 rw-p 00000000 00:00 0 
7f4a4beff000-7f4a4bf00000 ---p 00000000 00:00 0 
7f4a4bf00000-7f4a4c000000 rw-p 00000000 00:00 0 
7f4a4c000000-7f4a4c021000 rw-p 00000000 00:00 0 
7f4a4c021000-7f4a50000000 ---p 00000000 00:00 0 
7f4a50000000-7f4a50021000 rw-p 00000000 00:00 0 
7f4a50021000-7f4a54000000 ---p 00000000 00:00 0 
7f4a54000000-7f4a54021000 rw-p 00000000 00:00 0 
7f4a54021000-7f4a58000000 ---p 00000000 00:00 0 
7f4a58000000-7f4a58002000 r--s 00007000 08:01 4327912                    /home/francisco/Downloads/kafka_2.12-2.3.0/libs/jackson-datatype-jdk8-2.9.9.jar
7f4a58002000-7f4a5801d000 r--s 001d6000 08:01 1325250                    /usr/lib/jvm/java-8-openjdk-amd64/jre/lib/ext/nashorn.jar
7f4a5801d000-7f4a5801e000 ---p 00000000 00:00 0 
7f4a5801e000-7f4a58522000 rw-p 00000000 00:00 0 
7f4a58522000-7f4a58523000 ---p 00000000 00:00 0 
7f4a58523000-7f4a58623000 rw-p 00000000 00:00 0 
7f4a58623000-7f4a58624000 ---p 00000000 00:00 0 
7f4a58624000-7f4a58724000 rw-p 00000000 00:00 0 
7f4a58724000-7f4a58725000 ---p 00000000 00:00 0 
7f4a58725000-7f4a58832000 rw-p 00000000 00:00 0 
7f4a58832000-7f4a58be5000 ---p 00000000 00:00 0 
7f4a58be5000-7f4a58f25000 rwxp 00000000 00:00 0 
7f4a58f25000-7f4a67be5000 ---p 00000000 00:00 0 
7f4a67be5000-7f4a67bed000 r-xp 00000000 08:01 1325231                    /usr/lib/jvm/java-8-openjdk-amd64/jre/lib/amd64/libzip.so
7f4a67bed000-7f4a67dec000 ---p 00008000 08:01 1325231                    /usr/lib/jvm/java-8-openjdk-amd64/jre/lib/amd64/libzip.so
7f4a67dec000-7f4a67ded000 r--p 00007000 08:01 1325231                    /usr/lib/jvm/java-8-openjdk-amd64/jre/lib/amd64/libzip.so
7f4a67ded000-7f4a67dee000 rw-p 00008000 08:01 1325231                    /usr/lib/jvm/java-8-openjdk-amd64/jre/lib/amd64/libzip.so
7f4a67dee000-7f4a67df9000 r-xp 00000000 08:01 2626554                    /lib/x86_64-linux-gnu/libnss_files-2.27.so
7f4a67df9000-7f4a67ff8000 ---p 0000b000 08:01 2626554                    /lib/x86_64-linux-gnu/libnss_files-2.27.so
7f4a67ff8000-7f4a67ff9000 r--p 0000a000 08:01 2626554                    /lib/x86_64-linux-gnu/libnss_files-2.27.so
7f4a67ff9000-7f4a67ffa000 rw-p 0000b000 08:01 2626554                    /lib/x86_64-linux-gnu/libnss_files-2.27.so
7f4a67ffa000-7f4a68000000 rw-p 00000000 00:00 0 
7f4a68000000-7f4a68806000 rw-p 00000000 00:00 0 
7f4a68806000-7f4a6c000000 ---p 00000000 00:00 0 
7f4a6c000000-7f4a6c002000 r--s 00016000 08:01 4327911                    /home/francisco/Downloads/kafka_2.12-2.3.0/libs/jackson-dataformat-csv-2.9.9.jar
7f4a6c002000-7f4a6c005000 r--s 00014000 08:01 4327986                    /home/francisco/Downloads/kafka_2.12-2.3.0/libs/connect-transforms-2.3.0.jar
7f4a6c005000-7f4a6c007000 r--s 0000a000 08:01 4327985                    /home/francisco/Downloads/kafka_2.12-2.3.0/libs/connect-json-2.3.0.jar
7f4a6c007000-7f4a6c009000 r--s 00004000 08:01 4327993                    /home/francisco/Downloads/kafka_2.12-2.3.0/libs/connect-file-2.3.0.jar
7f4a6c009000-7f4a6c00c000 r--s 00016000 08:01 4327982                    /home/francisco/Downloads/kafka_2.12-2.3.0/libs/connect-api-2.3.0.jar
7f4a6c00c000-7f4a6c05a000 rw-p 00000000 00:00 0 
7f4a6c05a000-7f4a6c05b000 ---p 00000000 00:00 0 
7f4a6c05b000-7f4a6c15b000 rw-p 00000000 00:00 0 
7f4a6c15b000-7f4a6c172000 r-xp 00000000 08:01 2626548                    /lib/x86_64-linux-gnu/libnsl-2.27.so
7f4a6c172000-7f4a6c371000 ---p 00017000 08:01 2626548                    /lib/x86_64-linux-gnu/libnsl-2.27.so
7f4a6c371000-7f4a6c372000 r--p 00016000 08:01 2626548                    /lib/x86_64-linux-gnu/libnsl-2.27.so
7f4a6c372000-7f4a6c373000 rw-p 00017000 08:01 2626548                    /lib/x86_64-linux-gnu/libnsl-2.27.so
7f4a6c373000-7f4a6c375000 rw-p 00000000 00:00 0 
7f4a6c375000-7f4a6c380000 r-xp 00000000 08:01 2626565                    /lib/x86_64-linux-gnu/libnss_nis-2.27.so
7f4a6c380000-7f4a6c57f000 ---p 0000b000 08:01 2626565                    /lib/x86_64-linux-gnu/libnss_nis-2.27.so
7f4a6c57f000-7f4a6c580000 r--p 0000a000 08:01 2626565                    /lib/x86_64-linux-gnu/libnss_nis-2.27.so
7f4a6c580000-7f4a6c581000 rw-p 0000b000 08:01 2626565                    /lib/x86_64-linux-gnu/libnss_nis-2.27.so
7f4a6c581000-7f4a6c589000 r-xp 00000000 08:01 2626550                    /lib/x86_64-linux-gnu/libnss_compat-2.27.so
7f4a6c589000-7f4a6c789000 ---p 00008000 08:01 2626550                    /lib/x86_64-linux-gnu/libnss_compat-2.27.so
7f4a6c789000-7f4a6c78a000 r--p 00008000 08:01 2626550                    /lib/x86_64-linux-gnu/libnss_compat-2.27.so
7f4a6c78a000-7f4a6c78b000 rw-p 00009000 08:01 2626550                    /lib/x86_64-linux-gnu/libnss_compat-2.27.so
7f4a6c78b000-7f4a6c7b5000 r-xp 00000000 08:01 1325212                    /usr/lib/jvm/java-8-openjdk-amd64/jre/lib/amd64/libjava.so
7f4a6c7b5000-7f4a6c9b4000 ---p 0002a000 08:01 1325212                    /usr/lib/jvm/java-8-openjdk-amd64/jre/lib/amd64/libjava.so
7f4a6c9b4000-7f4a6c9b5000 r--p 00029000 08:01 1325212                    /usr/lib/jvm/java-8-openjdk-amd64/jre/lib/amd64/libjava.so
7f4a6c9b5000-7f4a6c9b7000 rw-p 0002a000 08:01 1325212                    /usr/lib/jvm/java-8-openjdk-amd64/jre/lib/amd64/libjava.so
7f4a6c9b7000-7f4a6c9c7000 r-xp 00000000 08:01 1325230                    /usr/lib/jvm/java-8-openjdk-amd64/jre/lib/amd64/libverify.so
7f4a6c9c7000-7f4a6cbc6000 ---p 00010000 08:01 1325230                    /usr/lib/jvm/java-8-openjdk-amd64/jre/lib/amd64/libverify.so
7f4a6cbc6000-7f4a6cbc8000 r--p 0000f000 08:01 1325230                    /usr/lib/jvm/java-8-openjdk-amd64/jre/lib/amd64/libverify.so
7f4a6cbc8000-7f4a6cbc9000 rw-p 00011000 08:01 1325230                    /usr/lib/jvm/java-8-openjdk-amd64/jre/lib/amd64/libverify.so
7f4a6cbc9000-7f4a6cbd0000 r-xp 00000000 08:01 2626605                    /lib/x86_64-linux-gnu/librt-2.27.so
7f4a6cbd0000-7f4a6cdcf000 ---p 00007000 08:01 2626605                    /lib/x86_64-linux-gnu/librt-2.27.so
7f4a6cdcf000-7f4a6cdd0000 r--p 00006000 08:01 2626605                    /lib/x86_64-linux-gnu/librt-2.27.so
7f4a6cdd0000-7f4a6cdd1000 rw-p 00007000 08:01 2626605                    /lib/x86_64-linux-gnu/librt-2.27.so
7f4a6cdd1000-7f4a6cde8000 r-xp 00000000 08:01 2622793                    /lib/x86_64-linux-gnu/libgcc_s.so.1
7f4a6cde8000-7f4a6cfe7000 ---p 00017000 08:01 2622793                    /lib/x86_64-linux-gnu/libgcc_s.so.1
7f4a6cfe7000-7f4a6cfe8000 r--p 00016000 08:01 2622793                    /lib/x86_64-linux-gnu/libgcc_s.so.1
7f4a6cfe8000-7f4a6cfe9000 rw-p 00017000 08:01 2622793                    /lib/x86_64-linux-gnu/libgcc_s.so.1
7f4a6cfe9000-7f4a6d186000 r-xp 00000000 08:01 2626527                    /lib/x86_64-linux-gnu/libm-2.27.so
7f4a6d186000-7f4a6d385000 ---p 0019d000 08:01 2626527                    /lib/x86_64-linux-gnu/libm-2.27.so
7f4a6d385000-7f4a6d386000 r--p 0019c000 08:01 2626527                    /lib/x86_64-linux-gnu/libm-2.27.so
7f4a6d386000-7f4a6d387000 rw-p 0019d000 08:01 2626527                    /lib/x86_64-linux-gnu/libm-2.27.so
7f4a6d387000-7f4a6d500000 r-xp 00000000 08:01 789369                     /usr/lib/x86_64-linux-gnu/libstdc++.so.6.0.25
7f4a6d500000-7f4a6d700000 ---p 00179000 08:01 789369                     /usr/lib/x86_64-linux-gnu/libstdc++.so.6.0.25
7f4a6d700000-7f4a6d70a000 r--p 00179000 08:01 789369                     /usr/lib/x86_64-linux-gnu/libstdc++.so.6.0.25
7f4a6d70a000-7f4a6d70c000 rw-p 00183000 08:01 789369                     /usr/lib/x86_64-linux-gnu/libstdc++.so.6.0.25
7f4a6d70c000-7f4a6d710000 rw-p 00000000 00:00 0 
7f4a6d710000-7f4a6e3af000 r-xp 00000000 08:01 1325234                    /usr/lib/jvm/java-8-openjdk-amd64/jre/lib/amd64/server/libjvm.so
7f4a6e3af000-7f4a6e5af000 ---p 00c9f000 08:01 1325234                    /usr/lib/jvm/java-8-openjdk-amd64/jre/lib/amd64/server/libjvm.so
7f4a6e5af000-7f4a6e643000 r--p 00c9f000 08:01 1325234                    /usr/lib/jvm/java-8-openjdk-amd64/jre/lib/amd64/server/libjvm.so
7f4a6e643000-7f4a6e66c000 rw-p 00d33000 08:01 1325234                    /usr/lib/jvm/java-8-openjdk-amd64/jre/lib/amd64/server/libjvm.so
7f4a6e66c000-7f4a6e69c000 rw-p 00000000 00:00 0 
7f4a6e69c000-7f4a6e6b6000 r-xp 00000000 08:01 2626597                    /lib/x86_64-linux-gnu/libpthread-2.27.so
7f4a6e6b6000-7f4a6e8b5000 ---p 0001a000 08:01 2626597                    /lib/x86_64-linux-gnu/libpthread-2.27.so
7f4a6e8b5000-7f4a6e8b6000 r--p 00019000 08:01 2626597                    /lib/x86_64-linux-gnu/libpthread-2.27.so
7f4a6e8b6000-7f4a6e8b7000 rw-p 0001a000 08:01 2626597                    /lib/x86_64-linux-gnu/libpthread-2.27.so
7f4a6e8b7000-7f4a6e8bb000 rw-p 00000000 00:00 0 
7f4a6e8bb000-7f4a6e8be000 r-xp 00000000 08:01 2626487                    /lib/x86_64-linux-gnu/libdl-2.27.so
7f4a6e8be000-7f4a6eabd000 ---p 00003000 08:01 2626487                    /lib/x86_64-linux-gnu/libdl-2.27.so
7f4a6eabd000-7f4a6eabe000 r--p 00002000 08:01 2626487                    /lib/x86_64-linux-gnu/libdl-2.27.so
7f4a6eabe000-7f4a6eabf000 rw-p 00003000 08:01 2626487                    /lib/x86_64-linux-gnu/libdl-2.27.so
7f4a6eabf000-7f4a6eadb000 r-xp 00000000 08:01 2626636                    /lib/x86_64-linux-gnu/libz.so.1.2.11
7f4a6eadb000-7f4a6ecda000 ---p 0001c000 08:01 2626636                    /lib/x86_64-linux-gnu/libz.so.1.2.11
7f4a6ecda000-7f4a6ecdb000 r--p 0001b000 08:01 2626636                    /lib/x86_64-linux-gnu/libz.so.1.2.11
7f4a6ecdb000-7f4a6ecdc000 rw-p 0001c000 08:01 2626636                    /lib/x86_64-linux-gnu/libz.so.1.2.11
7f4a6ecdc000-7f4a6eec3000 r-xp 00000000 08:01 2626464                    /lib/x86_64-linux-gnu/libc-2.27.so
7f4a6eec3000-7f4a6f0c3000 ---p 001e7000 08:01 2626464                    /lib/x86_64-linux-gnu/libc-2.27.so
7f4a6f0c3000-7f4a6f0c7000 r--p 001e7000 08:01 2626464                    /lib/x86_64-linux-gnu/libc-2.27.so
7f4a6f0c7000-7f4a6f0c9000 rw-p 001eb000 08:01 2626464                    /lib/x86_64-linux-gnu/libc-2.27.so
7f4a6f0c9000-7f4a6f0cd000 rw-p 00000000 00:00 0 
7f4a6f0cd000-7f4a6f0db000 r-xp 00000000 08:01 1325198                    /usr/lib/jvm/java-8-openjdk-amd64/jre/lib/amd64/jli/libjli.so
7f4a6f0db000-7f4a6f2da000 ---p 0000e000 08:01 1325198                    /usr/lib/jvm/java-8-openjdk-amd64/jre/lib/amd64/jli/libjli.so
7f4a6f2da000-7f4a6f2db000 r--p 0000d000 08:01 1325198                    /usr/lib/jvm/java-8-openjdk-amd64/jre/lib/amd64/jli/libjli.so
7f4a6f2db000-7f4a6f2dc000 rw-p 0000e000 08:01 1325198                    /usr/lib/jvm/java-8-openjdk-amd64/jre/lib/amd64/jli/libjli.so
7f4a6f2dc000-7f4a6f303000 r-xp 00000000 08:01 2626436                    /lib/x86_64-linux-gnu/ld-2.27.so
7f4a6f303000-7f4a6f304000 r--s 00004000 08:01 4327994                    /home/francisco/Downloads/kafka_2.12-2.3.0/libs/connect-basic-auth-extension-2.3.0.jar
7f4a6f304000-7f4a6f30c000 r--s 00073000 08:01 4327992                    /home/francisco/Downloads/kafka_2.12-2.3.0/libs/commons-lang3-3.8.1.jar
7f4a6f30c000-7f4a6f30d000 r--s 00004000 08:01 4327929                    /home/francisco/Downloads/kafka_2.12-2.3.0/libs/audience-annotations-0.5.0.jar
7f4a6f30d000-7f4a6f310000 r--s 00014000 08:01 4327948                    /home/francisco/Downloads/kafka_2.12-2.3.0/libs/argparse4j-0.7.0.jar
7f4a6f310000-7f4a6f312000 r--s 00002000 08:01 4327980                    /home/francisco/Downloads/kafka_2.12-2.3.0/libs/aopalliance-repackaged-2.5.0.jar
7f4a6f312000-7f4a6f314000 r--s 0000f000 08:01 4327956                    /home/francisco/Downloads/kafka_2.12-2.3.0/libs/activation-1.1.1.jar
7f4a6f314000-7f4a6f317000 r--s 00039000 08:01 1325253                    /usr/lib/jvm/java-8-openjdk-amd64/jre/lib/ext/sunpkcs11.jar
7f4a6f317000-7f4a6f319000 r--s 00001000 08:01 1325246                    /usr/lib/jvm/java-8-openjdk-amd64/jre/lib/ext/dnsns.jar
7f4a6f319000-7f4a6f334000 r--s 00394000 08:01 1325245                    /usr/lib/jvm/java-8-openjdk-amd64/jre/lib/ext/cldrdata.jar
7f4a6f334000-7f4a6f33e000 r--s 00116000 08:01 1325249                    /usr/lib/jvm/java-8-openjdk-amd64/jre/lib/ext/localedata.jar
7f4a6f33e000-7f4a6f3e7000 rw-p 00000000 00:00 0 
7f4a6f3e7000-7f4a6f3e8000 ---p 00000000 00:00 0 
7f4a6f3e8000-7f4a6f3eb000 ---p 00000000 00:00 0 
7f4a6f3eb000-7f4a6f4ea000 rw-p 00000000 00:00 0 
7f4a6f4ea000-7f4a6f4eb000 r--s 0000a000 08:01 1325248                    /usr/lib/jvm/java-8-openjdk-amd64/jre/lib/ext/jaccess.jar
7f4a6f4eb000-7f4a6f4ee000 r--s 0000f000 08:01 1325247                    /usr/lib/jvm/java-8-openjdk-amd64/jre/lib/ext/icedtea-sound.jar
7f4a6f4ee000-7f4a6f4ef000 r--s 00010000 08:01 1325254                    /usr/lib/jvm/java-8-openjdk-amd64/jre/lib/ext/zipfs.jar
7f4a6f4ef000-7f4a6f4f0000 r--s 0000d000 08:01 1325251                    /usr/lib/jvm/java-8-openjdk-amd64/jre/lib/ext/sunec.jar
7f4a6f4f0000-7f4a6f4f2000 r--s 00007000 08:01 1189756                    /usr/share/java/java-atk-wrapper.jar
7f4a6f4f2000-7f4a6f4f7000 r--s 0003c000 08:01 1325252                    /usr/lib/jvm/java-8-openjdk-amd64/jre/lib/ext/sunjce_provider.jar
7f4a6f4f7000-7f4a6f4ff000 rw-s 00000000 08:01 4725026                    /tmp/hsperfdata_francisco/27213
7f4a6f4ff000-7f4a6f500000 rw-p 00000000 00:00 0 
7f4a6f500000-7f4a6f501000 ---p 00000000 00:00 0 
7f4a6f501000-7f4a6f503000 rw-p 00000000 00:00 0 
7f4a6f503000-7f4a6f504000 r--p 00027000 08:01 2626436                    /lib/x86_64-linux-gnu/ld-2.27.so
7f4a6f504000-7f4a6f505000 rw-p 00028000 08:01 2626436                    /lib/x86_64-linux-gnu/ld-2.27.so
7f4a6f505000-7f4a6f506000 rw-p 00000000 00:00 0 
7ffcef5ce000-7ffcef5f0000 rw-p 00000000 00:00 0                          [stack]
7ffcef5fa000-7ffcef5fd000 r--p 00000000 00:00 0                          [vvar]
7ffcef5fd000-7ffcef5ff000 r-xp 00000000 00:00 0                          [vdso]
ffffffffff600000-ffffffffff601000 r-xp 00000000 00:00 0                  [vsyscall]

VM Arguments:
jvm_args: -Xms256M -Xmx2G -XX:+UseG1GC -XX:MaxGCPauseMillis=20 -XX:InitiatingHeapOccupancyPercent=35 -XX:+ExplicitGCInvokesConcurrent -Djava.awt.headless=true -Dcom.sun.management.jmxremote -Dcom.sun.management.jmxremote.authenticate=false -Dcom.sun.management.jmxremote.ssl=false -Dkafka.logs.dir=bin/../logs -Dlog4j.configuration=file:bin/../config/connect-log4j.properties 
java_command: org.apache.kafka.connect.cli.ConnectStandalone config/connect-standalone.properties config/connect-jdbc-source-is3-countries.properties config/connect-jdbc-source-is3-items.properties config/connect-jdbc-sink-is3.properties
java_class_path (initial): bin/../libs/activation-1.1.1.jar:bin/../libs/aopalliance-repackaged-2.5.0.jar:bin/../libs/argparse4j-0.7.0.jar:bin/../libs/audience-annotations-0.5.0.jar:bin/../libs/commons-lang3-3.8.1.jar:bin/../libs/connect-api-2.3.0.jar:bin/../libs/connect-basic-auth-extension-2.3.0.jar:bin/../libs/connect-file-2.3.0.jar:bin/../libs/connect-json-2.3.0.jar:bin/../libs/connect-runtime-2.3.0.jar:bin/../libs/connect-transforms-2.3.0.jar:bin/../libs/guava-20.0.jar:bin/../libs/hk2-api-2.5.0.jar:bin/../libs/hk2-locator-2.5.0.jar:bin/../libs/hk2-utils-2.5.0.jar:bin/../libs/jackson-annotations-2.9.9.jar:bin/../libs/jackson-core-2.9.9.jar:bin/../libs/jackson-databind-2.9.9.jar:bin/../libs/jackson-dataformat-csv-2.9.9.jar:bin/../libs/jackson-datatype-jdk8-2.9.9.jar:bin/../libs/jackson-jaxrs-base-2.9.9.jar:bin/../libs/jackson-jaxrs-json-provider-2.9.9.jar:bin/../libs/jackson-module-jaxb-annotations-2.9.9.jar:bin/../libs/jackson-module-paranamer-2.9.9.jar:bin/../libs/jackson-module-scala_2.12-2.9.9.jar:bin/../libs/jakarta.annotation-api-1.3.4.jar:bin/../libs/jakarta.inject-2.5.0.jar:bin/../libs/jakarta.ws.rs-api-2.1.5.jar:bin/../libs/javassist-3.22.0-CR2.jar:bin/../libs/javax.servlet-api-3.1.0.jar:bin/../libs/javax.ws.rs-api-2.1.1.jar:bin/../libs/jaxb-api-2.3.0.jar:bin/../libs/jersey-client-2.28.jar:bin/../libs/jersey-common-2.28.jar:bin/../libs/jersey-container-servlet-2.28.jar:bin/../libs/jersey-container-servlet-core-2.28.jar:bin/../libs/jersey-hk2-2.28.jar:bin/../libs/jersey-media-jaxb-2.28.jar:bin/../libs/jersey-server-2.28.jar:bin/../libs/jetty-client-9.4.18.v20190429.jar:bin/../libs/jetty-continuation-9.4.18.v20190429.jar:bin/../libs/jetty-http-9.4.18.v20190429.jar:bin/../libs/jetty-io-9.4.18.v20190429.jar:bin/../libs/jetty-security-9.4.18.v20190429.jar:bin/../libs/jetty-server-9.4.18.v20190429.jar:bin/../libs/jetty-servlet-9.4.18.v20190429.jar:bin/../libs/jetty-servlets-9.4.18.v20190429.jar:bin/../libs/jetty-util-9.4.18.v20190429.jar:bin/../libs/jopt-simp
Launcher Type: SUN_STANDARD

Environment Variables:
PATH=/usr/local/sbin:/usr/local/bin:/usr/sbin:/usr/bin:/sbin:/bin:/usr/games:/usr/local/games:/snap/bin
USERNAME=francisco
SHELL=/usr/bin/zsh
DISPLAY=:0

Signal Handlers:
SIGSEGV: [libjvm.so+0xab92f0], sa_mask[0]=11111111011111111101111111111110, sa_flags=SA_RESTART|SA_SIGINFO
SIGBUS: [libjvm.so+0xab92f0], sa_mask[0]=11111111011111111101111111111110, sa_flags=SA_RESTART|SA_SIGINFO
SIGFPE: [libjvm.so+0x8ee560], sa_mask[0]=11111111011111111101111111111110, sa_flags=SA_RESTART|SA_SIGINFO
SIGPIPE: [libjvm.so+0x8ee560], sa_mask[0]=11111111011111111101111111111110, sa_flags=SA_RESTART|SA_SIGINFO
SIGXFSZ: [libjvm.so+0x8ee560], sa_mask[0]=11111111011111111101111111111110, sa_flags=SA_RESTART|SA_SIGINFO
SIGILL: [libjvm.so+0x8ee560], sa_mask[0]=11111111011111111101111111111110, sa_flags=SA_RESTART|SA_SIGINFO
SIGUSR1: SIG_DFL, sa_mask[0]=00000000000000000000000000000000, sa_flags=none
SIGUSR2: [libjvm.so+0x8ee410], sa_mask[0]=00000000000000000000000000000000, sa_flags=SA_RESTART|SA_SIGINFO
SIGHUP: [libjvm.so+0x8eea80], sa_mask[0]=11111111011111111101111111111110, sa_flags=SA_RESTART|SA_SIGINFO
SIGINT: [libjvm.so+0x8eea80], sa_mask[0]=11111111011111111101111111111110, sa_flags=SA_RESTART|SA_SIGINFO
SIGTERM: [libjvm.so+0x8eea80], sa_mask[0]=11111111011111111101111111111110, sa_flags=SA_RESTART|SA_SIGINFO
SIGQUIT: [libjvm.so+0x8eea80], sa_mask[0]=11111111011111111101111111111110, sa_flags=SA_RESTART|SA_SIGINFO


---------------  S Y S T E M  ---------------

OS:DISTRIB_ID=Ubuntu
DISTRIB_RELEASE=18.04
DISTRIB_CODENAME=bionic
DISTRIB_DESCRIPTION="Ubuntu 18.04.3 LTS"

uname:Linux 4.15.0-45-generic #48-Ubuntu SMP Tue Jan 29 16:28:13 UTC 2019 x86_64
libc:glibc 2.27 NPTL 2.27 
rlimit: STACK 8192k, CORE 0k, NPROC 31669, NOFILE 1048576, AS infinity
load average:3,68 1,75 1,22

/proc/meminfo:
MemTotal:        8167936 kB
MemFree:          118796 kB
MemAvailable:      30796 kB
Buffers:            2492 kB
Cached:           767532 kB
SwapCached:        29360 kB
Active:          6555520 kB
Inactive:        1109012 kB
Active(anon):    6546728 kB
Inactive(anon):  1092480 kB
Active(file):       8792 kB
Inactive(file):    16532 kB
Unevictable:         556 kB
Mlocked:             556 kB
SwapTotal:       2097148 kB
SwapFree:              0 kB
Dirty:               172 kB
Writeback:             0 kB
AnonPages:       6867336 kB
Mapped:           757648 kB
Shmem:            744452 kB
Slab:             179712 kB
SReclaimable:      68420 kB
SUnreclaim:       111292 kB
KernelStack:       22448 kB
PageTables:        92720 kB
NFS_Unstable:          0 kB
Bounce:                0 kB
WritebackTmp:          0 kB
CommitLimit:     6181116 kB
Committed_AS:   21330392 kB
VmallocTotal:   34359738367 kB
VmallocUsed:           0 kB
VmallocChunk:          0 kB
HardwareCorrupted:     0 kB
AnonHugePages:         0 kB
ShmemHugePages:        0 kB
ShmemPmdMapped:        0 kB
CmaTotal:              0 kB
CmaFree:               0 kB
HugePages_Total:       0
HugePages_Free:        0
HugePages_Rsvd:        0
HugePages_Surp:        0
Hugepagesize:       2048 kB
DirectMap4k:      339904 kB
DirectMap2M:     8048640 kB

container (cgroup) information:
container_type: cgroupv1
cpu_cpuset_cpus: 0-3
cpu_memory_nodes: 0
active_processor_count: 4
cpu_quota: -1
cpu_period: 100000
cpu_shares: -1
memory_limit_in_bytes: -1
memory_and_swap_limit_in_bytes: -2
memory_soft_limit_in_bytes: -1
memory_usage_in_bytes: 7670063104
memory_max_usage_in_bytes: 7894786048


CPU:total 4 (initial active 4) (4 cores per cpu, 1 threads per core) family 6 model 158 stepping 9, cmov, cx8, fxsr, mmx, sse, sse2, sse3, ssse3, sse4.1, sse4.2, popcnt, avx, avx2, aes, clmul, 3dnowpref, lzcnt, tsc, tscinvbit

/proc/cpuinfo:
processor	: 0
vendor_id	: GenuineIntel
cpu family	: 6
model		: 158
model name	: Intel(R) Core(TM) i7-7700HQ CPU @ 2.80GHz
stepping	: 9
cpu MHz		: 2807.996
cache size	: 6144 KB
physical id	: 0
siblings	: 4
core id		: 0
cpu cores	: 4
apicid		: 0
initial apicid	: 0
fpu		: yes
fpu_exception	: yes
cpuid level	: 22
wp		: yes
flags		: fpu vme de pse tsc msr pae mce cx8 apic sep mtrr pge mca cmov pat pse36 clflush mmx fxsr sse sse2 ht syscall nx rdtscp lm constant_tsc rep_good nopl xtopology nonstop_tsc cpuid pni pclmulqdq ssse3 cx16 pcid sse4_1 sse4_2 x2apic movbe popcnt aes xsave avx rdrand hypervisor lahf_lm abm 3dnowprefetch invpcid_single pti fsgsbase avx2 invpcid rdseed clflushopt flush_l1d
bugs		: cpu_meltdown spectre_v1 spectre_v2 spec_store_bypass l1tf
bogomips	: 5615.99
clflush size	: 64
cache_alignment	: 64
address sizes	: 39 bits physical, 48 bits virtual
power management:

processor	: 1
vendor_id	: GenuineIntel
cpu family	: 6
model		: 158
model name	: Intel(R) Core(TM) i7-7700HQ CPU @ 2.80GHz
stepping	: 9
cpu MHz		: 2807.996
cache size	: 6144 KB
physical id	: 0
siblings	: 4
core id		: 1
cpu cores	: 4
apicid		: 1
initial apicid	: 1
fpu		: yes
fpu_exception	: yes
cpuid level	: 22
wp		: yes
flags		: fpu vme de pse tsc msr pae mce cx8 apic sep mtrr pge mca cmov pat pse36 clflush mmx fxsr sse sse2 ht syscall nx rdtscp lm constant_tsc rep_good nopl xtopology nonstop_tsc cpuid pni pclmulqdq ssse3 cx16 pcid sse4_1 sse4_2 x2apic movbe popcnt aes xsave avx rdrand hypervisor lahf_lm abm 3dnowprefetch invpcid_single pti fsgsbase avx2 invpcid rdseed clflushopt flush_l1d
bugs		: cpu_meltdown spectre_v1 spectre_v2 spec_store_bypass l1tf
bogomips	: 5615.99
clflush size	: 64
cache_alignment	: 64
address sizes	: 39 bits physical, 48 bits virtual
power management:

processor	: 2
vendor_id	: GenuineIntel
cpu family	: 6
model		: 158
model name	: Intel(R) Core(TM) i7-7700HQ CPU @ 2.80GHz
stepping	: 9
cpu MHz		: 2807.996
cache size	: 6144 KB
physical id	: 0
siblings	: 4
core id		: 2
cpu cores	: 4
apicid		: 2
initial apicid	: 2
fpu		: yes
fpu_exception	: yes
cpuid level	: 22
wp		: yes
flags		: fpu vme de pse tsc msr pae mce cx8 apic sep mtrr pge mca cmov pat pse36 clflush mmx fxsr sse sse2 ht syscall nx rdtscp lm constant_tsc rep_good nopl xtopology nonstop_tsc cpuid pni pclmulqdq ssse3 cx16 pcid sse4_1 sse4_2 x2apic movbe popcnt aes xsave avx rdrand hypervisor lahf_lm abm 3dnowprefetch invpcid_single pti fsgsbase avx2 invpcid rdseed clflushopt flush_l1d
bugs		: cpu_meltdown spectre_v1 spectre_v2 spec_store_bypass l1tf
bogomips	: 5615.99
clflush size	: 64
cache_alignment	: 64
address sizes	: 39 bits physical, 48 bits virtual
power management:

processor	: 3
vendor_id	: GenuineIntel
cpu family	: 6
model		: 158
model name	: Intel(R) Core(TM) i7-7700HQ CPU @ 2.80GHz
stepping	: 9
cpu MHz		: 2807.996
cache size	: 6144 KB
physical id	: 0
siblings	: 4
core id		: 3
cpu cores	: 4
apicid		: 3
initial apicid	: 3
fpu		: yes
fpu_exception	: yes
cpuid level	: 22
wp		: yes
flags		: fpu vme de pse tsc msr pae mce cx8 apic sep mtrr pge mca cmov pat pse36 clflush mmx fxsr sse sse2 ht syscall nx rdtscp lm constant_tsc rep_good nopl xtopology nonstop_tsc cpuid pni pclmulqdq ssse3 cx16 pcid sse4_1 sse4_2 x2apic movbe popcnt aes xsave avx rdrand hypervisor lahf_lm abm 3dnowprefetch invpcid_single pti fsgsbase avx2 invpcid rdseed clflushopt flush_l1d
bugs		: cpu_meltdown spectre_v1 spectre_v2 spec_store_bypass l1tf
bogomips	: 5615.99
clflush size	: 64
cache_alignment	: 64
address sizes	: 39 bits physical, 48 bits virtual
power management:



Memory: 4k page, physical 8167936k(123088k free), swap 2097148k(0k free)

vm_info: OpenJDK 64-Bit Server VM (25.222-b10) for linux-amd64 JRE (1.8.0_222-8u222-b10-1ubuntu1~18.04.1-b10), built on Jul 18 2019 18:52:48 by "buildd" with gcc 7.4.0

time: Fri Dec 13 00:45:01 2019
timezone: WET
elapsed time: 6 seconds (0d 0h 0m 6s)

