#
# There is insufficient memory for the Java Runtime Environment to continue.
# Native memory allocation (mmap) failed to map 268435456 bytes for committing reserved memory.
# Possible reasons:
#   The system is out of physical RAM or swap space
#   The process is running with CompressedOops enabled, and the Java Heap may be blocking the growth of the native heap
# Possible solutions:
#   Reduce memory load on the system
#   Increase physical memory or swap space
#   Check if swap backing store is full
#   Decrease Java heap size (-Xmx/-Xms)
#   Decrease number of Java threads
#   Decrease Java thread stack sizes (-Xss)
#   Set larger code cache with -XX:ReservedCodeCacheSize=
# This output file may be truncated or incomplete.
#
#  Out of Memory Error (os_linux.cpp:2757), pid=26910, tid=0x00007f5d81f0d700
#
# JRE version:  (8.0_222-b10) (build )
# Java VM: OpenJDK 64-Bit Server VM (25.222-b10 mixed mode linux-amd64 compressed oops)
# Failed to write core dump. Core dumps have been disabled. To enable core dumping, try "ulimit -c unlimited" before starting Java again
#

---------------  T H R E A D  ---------------

Current thread (0x00007f5d7800e000):  JavaThread "Unknown thread" [_thread_in_vm, id=27195, stack(0x00007f5d81e0e000,0x00007f5d81f0e000)]

Stack: [0x00007f5d81e0e000,0x00007f5d81f0e000],  sp=0x00007f5d81f0c410,  free space=1017k
Native frames: (J=compiled Java code, j=interpreted, Vv=VM code, C=native code)
V  [libjvm.so+0xab8992]
V  [libjvm.so+0x4dbfd7]
V  [libjvm.so+0x8f34f6]
V  [libjvm.so+0x8ea78c]
V  [libjvm.so+0x5abcf4]
V  [libjvm.so+0x5abd7e]
V  [libjvm.so+0x5ae915]
V  [libjvm.so+0x614156]
V  [libjvm.so+0x61529e]
V  [libjvm.so+0x6157a8]
V  [libjvm.so+0x5879fa]
V  [libjvm.so+0x591d9c]
V  [libjvm.so+0xa7ad9a]
V  [libjvm.so+0xa7b095]
V  [libjvm.so+0x62903f]
V  [libjvm.so+0xa5ea63]
V  [libjvm.so+0x6ac371]  JNI_CreateJavaVM+0x61
C  [libjli.so+0x2c64]
C  [libjli.so+0x773d]
C  [libpthread.so.0+0x76db]  start_thread+0xdb


---------------  P R O C E S S  ---------------

Java Threads: ( => current thread )

Other Threads:

=>0x00007f5d7800e000 (exited) JavaThread "Unknown thread" [_thread_in_vm, id=27195, stack(0x00007f5d81e0e000,0x00007f5d81f0e000)]

VM state:not at safepoint (not fully initialized)

VM Mutex/Monitor currently owned by a thread:  ([mutex/lock_event])
[0x00007f5d7800a9a0] Heap_lock - owner thread: 0x00007f5d7800e000

heap address: 0x0000000080000000, size: 2048 MB, Compressed Oops mode: Non-zero based:0x000000007ffff000
Narrow klass base: 0x0000000000000000, Narrow klass shift: 0

GC Heap History (0 events):
No events

Deoptimization events (0 events):
No events

Classes redefined (0 events):
No events

Internal exceptions (0 events):
No events

Events (0 events):
No events


Dynamic libraries:
90000000-100000000 ---p 00000000 00:00 0 
560b5025a000-560b5025b000 r-xp 00000000 08:01 1316457                    /usr/lib/jvm/java-8-openjdk-amd64/jre/bin/java
560b5045a000-560b5045b000 r--p 00000000 08:01 1316457                    /usr/lib/jvm/java-8-openjdk-amd64/jre/bin/java
560b5045b000-560b5045c000 rw-p 00001000 08:01 1316457                    /usr/lib/jvm/java-8-openjdk-amd64/jre/bin/java
560b513f6000-560b51417000 rw-p 00000000 00:00 0                          [heap]
7f5d34000000-7f5d34021000 rw-p 00000000 00:00 0 
7f5d34021000-7f5d38000000 ---p 00000000 00:00 0 
7f5d38000000-7f5d38021000 rw-p 00000000 00:00 0 
7f5d38021000-7f5d3c000000 ---p 00000000 00:00 0 
7f5d3e000000-7f5d40000000 rw-p 00000000 00:00 0 
7f5d40000000-7f5d40021000 rw-p 00000000 00:00 0 
7f5d40021000-7f5d44000000 ---p 00000000 00:00 0 
7f5d44000000-7f5d44021000 rw-p 00000000 00:00 0 
7f5d44021000-7f5d4c000000 ---p 00000000 00:00 0 
7f5d4c000000-7f5d4c021000 rw-p 00000000 00:00 0 
7f5d4c021000-7f5d50000000 ---p 00000000 00:00 0 
7f5d50000000-7f5d50021000 rw-p 00000000 00:00 0 
7f5d50021000-7f5d54000000 ---p 00000000 00:00 0 
7f5d54000000-7f5d54021000 rw-p 00000000 00:00 0 
7f5d54021000-7f5d58000000 ---p 00000000 00:00 0 
7f5d58000000-7f5d58021000 rw-p 00000000 00:00 0 
7f5d58021000-7f5d5c000000 ---p 00000000 00:00 0 
7f5d5c000000-7f5d5c021000 rw-p 00000000 00:00 0 
7f5d5c021000-7f5d60000000 ---p 00000000 00:00 0 
7f5d60000000-7f5d60021000 rw-p 00000000 00:00 0 
7f5d60021000-7f5d64000000 ---p 00000000 00:00 0 
7f5d64000000-7f5d64021000 rw-p 00000000 00:00 0 
7f5d64021000-7f5d68000000 ---p 00000000 00:00 0 
7f5d68e7e000-7f5d69000000 rw-p 00000000 00:00 0 
7f5d69000000-7f5d69270000 rwxp 00000000 00:00 0 
7f5d69270000-7f5d78000000 ---p 00000000 00:00 0 
7f5d78000000-7f5d78088000 rw-p 00000000 00:00 0 
7f5d78088000-7f5d7c000000 ---p 00000000 00:00 0 
7f5d7c011000-7f5d7c497000 rw-p 00000000 00:00 0 
7f5d7c497000-7f5d7c498000 ---p 00000000 00:00 0 
7f5d7c498000-7f5d7c598000 rw-p 00000000 00:00 0 
7f5d7c598000-7f5d7c599000 ---p 00000000 00:00 0 
7f5d7c599000-7f5d7c699000 rw-p 00000000 00:00 0 
7f5d7c699000-7f5d7d699000 ---p 00000000 00:00 0 
7f5d7d699000-7f5d7d69a000 ---p 00000000 00:00 0 
7f5d7d69a000-7f5d7d79a000 rw-p 00000000 00:00 0 
7f5d7d79a000-7f5d7d79b000 ---p 00000000 00:00 0 
7f5d7d79b000-7f5d7d89b000 rw-p 00000000 00:00 0 
7f5d7d89b000-7f5d7d89c000 ---p 00000000 00:00 0 
7f5d7d89c000-7f5d7d99c000 rw-p 00000000 00:00 0 
7f5d7d99c000-7f5d7d99d000 ---p 00000000 00:00 0 
7f5d7d99d000-7f5d7da9d000 rw-p 00000000 00:00 0 
7f5d7da9d000-7f5d7da9e000 ---p 00000000 00:00 0 
7f5d7da9e000-7f5d7dfa2000 rw-p 00000000 00:00 0 
7f5d7dfa2000-7f5d7dfa3000 ---p 00000000 00:00 0 
7f5d7dfa3000-7f5d7e0a3000 rw-p 00000000 00:00 0 
7f5d7e0a3000-7f5d7e0a4000 ---p 00000000 00:00 0 
7f5d7e0a4000-7f5d7e1a4000 rw-p 00000000 00:00 0 
7f5d7e1a4000-7f5d7e1a5000 ---p 00000000 00:00 0 
7f5d7e1a5000-7f5d7e2a5000 rw-p 00000000 00:00 0 
7f5d7e2a5000-7f5d7e2a6000 ---p 00000000 00:00 0 
7f5d7e2a6000-7f5d7e3b0000 rw-p 00000000 00:00 0 
7f5d7e3b0000-7f5d7e766000 ---p 00000000 00:00 0 
7f5d7e766000-7f5d7e76e000 r-xp 00000000 08:01 1325231                    /usr/lib/jvm/java-8-openjdk-amd64/jre/lib/amd64/libzip.so
7f5d7e76e000-7f5d7e96d000 ---p 00008000 08:01 1325231                    /usr/lib/jvm/java-8-openjdk-amd64/jre/lib/amd64/libzip.so
7f5d7e96d000-7f5d7e96e000 r--p 00007000 08:01 1325231                    /usr/lib/jvm/java-8-openjdk-amd64/jre/lib/amd64/libzip.so
7f5d7e96e000-7f5d7e96f000 rw-p 00008000 08:01 1325231                    /usr/lib/jvm/java-8-openjdk-amd64/jre/lib/amd64/libzip.so
7f5d7e96f000-7f5d7e97a000 r-xp 00000000 08:01 2626554                    /lib/x86_64-linux-gnu/libnss_files-2.27.so
7f5d7e97a000-7f5d7eb79000 ---p 0000b000 08:01 2626554                    /lib/x86_64-linux-gnu/libnss_files-2.27.so
7f5d7eb79000-7f5d7eb7a000 r--p 0000a000 08:01 2626554                    /lib/x86_64-linux-gnu/libnss_files-2.27.so
7f5d7eb7a000-7f5d7eb7b000 rw-p 0000b000 08:01 2626554                    /lib/x86_64-linux-gnu/libnss_files-2.27.so
7f5d7eb7b000-7f5d7eb81000 rw-p 00000000 00:00 0 
7f5d7eb81000-7f5d7eb98000 r-xp 00000000 08:01 2626548                    /lib/x86_64-linux-gnu/libnsl-2.27.so
7f5d7eb98000-7f5d7ed97000 ---p 00017000 08:01 2626548                    /lib/x86_64-linux-gnu/libnsl-2.27.so
7f5d7ed97000-7f5d7ed98000 r--p 00016000 08:01 2626548                    /lib/x86_64-linux-gnu/libnsl-2.27.so
7f5d7ed98000-7f5d7ed99000 rw-p 00017000 08:01 2626548                    /lib/x86_64-linux-gnu/libnsl-2.27.so
7f5d7ed99000-7f5d7ed9b000 rw-p 00000000 00:00 0 
7f5d7ed9b000-7f5d7eda6000 r-xp 00000000 08:01 2626565                    /lib/x86_64-linux-gnu/libnss_nis-2.27.so
7f5d7eda6000-7f5d7efa5000 ---p 0000b000 08:01 2626565                    /lib/x86_64-linux-gnu/libnss_nis-2.27.so
7f5d7efa5000-7f5d7efa6000 r--p 0000a000 08:01 2626565                    /lib/x86_64-linux-gnu/libnss_nis-2.27.so
7f5d7efa6000-7f5d7efa7000 rw-p 0000b000 08:01 2626565                    /lib/x86_64-linux-gnu/libnss_nis-2.27.so
7f5d7efa7000-7f5d7efaf000 r-xp 00000000 08:01 2626550                    /lib/x86_64-linux-gnu/libnss_compat-2.27.so
7f5d7efaf000-7f5d7f1af000 ---p 00008000 08:01 2626550                    /lib/x86_64-linux-gnu/libnss_compat-2.27.so
7f5d7f1af000-7f5d7f1b0000 r--p 00008000 08:01 2626550                    /lib/x86_64-linux-gnu/libnss_compat-2.27.so
7f5d7f1b0000-7f5d7f1b1000 rw-p 00009000 08:01 2626550                    /lib/x86_64-linux-gnu/libnss_compat-2.27.so
7f5d7f1b1000-7f5d7f1db000 r-xp 00000000 08:01 1325212                    /usr/lib/jvm/java-8-openjdk-amd64/jre/lib/amd64/libjava.so
7f5d7f1db000-7f5d7f3da000 ---p 0002a000 08:01 1325212                    /usr/lib/jvm/java-8-openjdk-amd64/jre/lib/amd64/libjava.so
7f5d7f3da000-7f5d7f3db000 r--p 00029000 08:01 1325212                    /usr/lib/jvm/java-8-openjdk-amd64/jre/lib/amd64/libjava.so
7f5d7f3db000-7f5d7f3dd000 rw-p 0002a000 08:01 1325212                    /usr/lib/jvm/java-8-openjdk-amd64/jre/lib/amd64/libjava.so
7f5d7f3dd000-7f5d7f3ed000 r-xp 00000000 08:01 1325230                    /usr/lib/jvm/java-8-openjdk-amd64/jre/lib/amd64/libverify.so
7f5d7f3ed000-7f5d7f5ec000 ---p 00010000 08:01 1325230                    /usr/lib/jvm/java-8-openjdk-amd64/jre/lib/amd64/libverify.so
7f5d7f5ec000-7f5d7f5ee000 r--p 0000f000 08:01 1325230                    /usr/lib/jvm/java-8-openjdk-amd64/jre/lib/amd64/libverify.so
7f5d7f5ee000-7f5d7f5ef000 rw-p 00011000 08:01 1325230                    /usr/lib/jvm/java-8-openjdk-amd64/jre/lib/amd64/libverify.so
7f5d7f5ef000-7f5d7f5f6000 r-xp 00000000 08:01 2626605                    /lib/x86_64-linux-gnu/librt-2.27.so
7f5d7f5f6000-7f5d7f7f5000 ---p 00007000 08:01 2626605                    /lib/x86_64-linux-gnu/librt-2.27.so
7f5d7f7f5000-7f5d7f7f6000 r--p 00006000 08:01 2626605                    /lib/x86_64-linux-gnu/librt-2.27.so
7f5d7f7f6000-7f5d7f7f7000 rw-p 00007000 08:01 2626605                    /lib/x86_64-linux-gnu/librt-2.27.so
7f5d7f7f7000-7f5d7f80e000 r-xp 00000000 08:01 2622793                    /lib/x86_64-linux-gnu/libgcc_s.so.1
7f5d7f80e000-7f5d7fa0d000 ---p 00017000 08:01 2622793                    /lib/x86_64-linux-gnu/libgcc_s.so.1
7f5d7fa0d000-7f5d7fa0e000 r--p 00016000 08:01 2622793                    /lib/x86_64-linux-gnu/libgcc_s.so.1
7f5d7fa0e000-7f5d7fa0f000 rw-p 00017000 08:01 2622793                    /lib/x86_64-linux-gnu/libgcc_s.so.1
7f5d7fa0f000-7f5d7fbac000 r-xp 00000000 08:01 2626527                    /lib/x86_64-linux-gnu/libm-2.27.so
7f5d7fbac000-7f5d7fdab000 ---p 0019d000 08:01 2626527                    /lib/x86_64-linux-gnu/libm-2.27.so
7f5d7fdab000-7f5d7fdac000 r--p 0019c000 08:01 2626527                    /lib/x86_64-linux-gnu/libm-2.27.so
7f5d7fdac000-7f5d7fdad000 rw-p 0019d000 08:01 2626527                    /lib/x86_64-linux-gnu/libm-2.27.so
7f5d7fdad000-7f5d7ff26000 r-xp 00000000 08:01 789369                     /usr/lib/x86_64-linux-gnu/libstdc++.so.6.0.25
7f5d7ff26000-7f5d80126000 ---p 00179000 08:01 789369                     /usr/lib/x86_64-linux-gnu/libstdc++.so.6.0.25
7f5d80126000-7f5d80130000 r--p 00179000 08:01 789369                     /usr/lib/x86_64-linux-gnu/libstdc++.so.6.0.25
7f5d80130000-7f5d80132000 rw-p 00183000 08:01 789369                     /usr/lib/x86_64-linux-gnu/libstdc++.so.6.0.25
7f5d80132000-7f5d80136000 rw-p 00000000 00:00 0 
7f5d80136000-7f5d80dd5000 r-xp 00000000 08:01 1325234                    /usr/lib/jvm/java-8-openjdk-amd64/jre/lib/amd64/server/libjvm.so
7f5d80dd5000-7f5d80fd5000 ---p 00c9f000 08:01 1325234                    /usr/lib/jvm/java-8-openjdk-amd64/jre/lib/amd64/server/libjvm.so
7f5d80fd5000-7f5d81069000 r--p 00c9f000 08:01 1325234                    /usr/lib/jvm/java-8-openjdk-amd64/jre/lib/amd64/server/libjvm.so
7f5d81069000-7f5d81092000 rw-p 00d33000 08:01 1325234                    /usr/lib/jvm/java-8-openjdk-amd64/jre/lib/amd64/server/libjvm.so
7f5d81092000-7f5d810c2000 rw-p 00000000 00:00 0 
7f5d810c2000-7f5d810dc000 r-xp 00000000 08:01 2626597                    /lib/x86_64-linux-gnu/libpthread-2.27.so
7f5d810dc000-7f5d812db000 ---p 0001a000 08:01 2626597                    /lib/x86_64-linux-gnu/libpthread-2.27.so
7f5d812db000-7f5d812dc000 r--p 00019000 08:01 2626597                    /lib/x86_64-linux-gnu/libpthread-2.27.so
7f5d812dc000-7f5d812dd000 rw-p 0001a000 08:01 2626597                    /lib/x86_64-linux-gnu/libpthread-2.27.so
7f5d812dd000-7f5d812e1000 rw-p 00000000 00:00 0 
7f5d812e1000-7f5d812e4000 r-xp 00000000 08:01 2626487                    /lib/x86_64-linux-gnu/libdl-2.27.so
7f5d812e4000-7f5d814e3000 ---p 00003000 08:01 2626487                    /lib/x86_64-linux-gnu/libdl-2.27.so
7f5d814e3000-7f5d814e4000 r--p 00002000 08:01 2626487                    /lib/x86_64-linux-gnu/libdl-2.27.so
7f5d814e4000-7f5d814e5000 rw-p 00003000 08:01 2626487                    /lib/x86_64-linux-gnu/libdl-2.27.so
7f5d814e5000-7f5d81501000 r-xp 00000000 08:01 2626636                    /lib/x86_64-linux-gnu/libz.so.1.2.11
7f5d81501000-7f5d81700000 ---p 0001c000 08:01 2626636                    /lib/x86_64-linux-gnu/libz.so.1.2.11
7f5d81700000-7f5d81701000 r--p 0001b000 08:01 2626636                    /lib/x86_64-linux-gnu/libz.so.1.2.11
7f5d81701000-7f5d81702000 rw-p 0001c000 08:01 2626636                    /lib/x86_64-linux-gnu/libz.so.1.2.11
7f5d81702000-7f5d818e9000 r-xp 00000000 08:01 2626464                    /lib/x86_64-linux-gnu/libc-2.27.so
7f5d818e9000-7f5d81ae9000 ---p 001e7000 08:01 2626464                    /lib/x86_64-linux-gnu/libc-2.27.so
7f5d81ae9000-7f5d81aed000 r--p 001e7000 08:01 2626464                    /lib/x86_64-linux-gnu/libc-2.27.so
7f5d81aed000-7f5d81aef000 rw-p 001eb000 08:01 2626464                    /lib/x86_64-linux-gnu/libc-2.27.so
7f5d81aef000-7f5d81af3000 rw-p 00000000 00:00 0 
7f5d81af3000-7f5d81b01000 r-xp 00000000 08:01 1325198                    /usr/lib/jvm/java-8-openjdk-amd64/jre/lib/amd64/jli/libjli.so
7f5d81b01000-7f5d81d00000 ---p 0000e000 08:01 1325198                    /usr/lib/jvm/java-8-openjdk-amd64/jre/lib/amd64/jli/libjli.so
7f5d81d00000-7f5d81d01000 r--p 0000d000 08:01 1325198                    /usr/lib/jvm/java-8-openjdk-amd64/jre/lib/amd64/jli/libjli.so
7f5d81d01000-7f5d81d02000 rw-p 0000e000 08:01 1325198                    /usr/lib/jvm/java-8-openjdk-amd64/jre/lib/amd64/jli/libjli.so
7f5d81d02000-7f5d81d29000 r-xp 00000000 08:01 2626436                    /lib/x86_64-linux-gnu/ld-2.27.so
7f5d81d8c000-7f5d81e0d000 rw-p 00000000 00:00 0 
7f5d81e0d000-7f5d81e0e000 ---p 00000000 00:00 0 
7f5d81e0e000-7f5d81e11000 ---p 00000000 00:00 0 
7f5d81e11000-7f5d81f10000 rw-p 00000000 00:00 0 
7f5d81f1d000-7f5d81f25000 rw-s 00000000 08:01 4725268                    /tmp/hsperfdata_francisco/26910
7f5d81f25000-7f5d81f26000 rw-p 00000000 00:00 0 
7f5d81f26000-7f5d81f27000 r--p 00000000 00:00 0 
7f5d81f27000-7f5d81f29000 rw-p 00000000 00:00 0 
7f5d81f29000-7f5d81f2a000 r--p 00027000 08:01 2626436                    /lib/x86_64-linux-gnu/ld-2.27.so
7f5d81f2a000-7f5d81f2b000 rw-p 00028000 08:01 2626436                    /lib/x86_64-linux-gnu/ld-2.27.so
7f5d81f2b000-7f5d81f2c000 rw-p 00000000 00:00 0 
7ffda3e7d000-7ffda3e9f000 rw-p 00000000 00:00 0                          [stack]
7ffda3fb3000-7ffda3fb6000 r--p 00000000 00:00 0                          [vvar]
7ffda3fb6000-7ffda3fb8000 r-xp 00000000 00:00 0                          [vdso]
ffffffffff600000-ffffffffff601000 r-xp 00000000 00:00 0                  [vsyscall]

VM Arguments:
jvm_args: -Xms256M -Xmx2G -XX:+UseG1GC -XX:MaxGCPauseMillis=20 -XX:InitiatingHeapOccupancyPercent=35 -XX:+ExplicitGCInvokesConcurrent -Djava.awt.headless=true -Dcom.sun.management.jmxremote -Dcom.sun.management.jmxremote.authenticate=false -Dcom.sun.management.jmxremote.ssl=false -Dkafka.logs.dir=bin/../logs -Dlog4j.configuration=file:bin/../config/connect-log4j.properties 
java_command: org.apache.kafka.connect.cli.ConnectStandalone config/connect-standalone.properties config/connect-jdbc-source-is3-countries.properties config/connect-jdbc-source-is3-items.properties config/connect-jdbc-sink-is3.properties
java_class_path (initial): bin/../libs/activation-1.1.1.jar:bin/../libs/aopalliance-repackaged-2.5.0.jar:bin/../libs/argparse4j-0.7.0.jar:bin/../libs/audience-annotations-0.5.0.jar:bin/../libs/commons-lang3-3.8.1.jar:bin/../libs/connect-api-2.3.0.jar:bin/../libs/connect-basic-auth-extension-2.3.0.jar:bin/../libs/connect-file-2.3.0.jar:bin/../libs/connect-json-2.3.0.jar:bin/../libs/connect-runtime-2.3.0.jar:bin/../libs/connect-transforms-2.3.0.jar:bin/../libs/guava-20.0.jar:bin/../libs/hk2-api-2.5.0.jar:bin/../libs/hk2-locator-2.5.0.jar:bin/../libs/hk2-utils-2.5.0.jar:bin/../libs/jackson-annotations-2.9.9.jar:bin/../libs/jackson-core-2.9.9.jar:bin/../libs/jackson-databind-2.9.9.jar:bin/../libs/jackson-dataformat-csv-2.9.9.jar:bin/../libs/jackson-datatype-jdk8-2.9.9.jar:bin/../libs/jackson-jaxrs-base-2.9.9.jar:bin/../libs/jackson-jaxrs-json-provider-2.9.9.jar:bin/../libs/jackson-module-jaxb-annotations-2.9.9.jar:bin/../libs/jackson-module-paranamer-2.9.9.jar:bin/../libs/jackson-module-scala_2.12-2.9.9.jar:bin/../libs/jakarta.annotation-api-1.3.4.jar:bin/../libs/jakarta.inject-2.5.0.jar:bin/../libs/jakarta.ws.rs-api-2.1.5.jar:bin/../libs/javassist-3.22.0-CR2.jar:bin/../libs/javax.servlet-api-3.1.0.jar:bin/../libs/javax.ws.rs-api-2.1.1.jar:bin/../libs/jaxb-api-2.3.0.jar:bin/../libs/jersey-client-2.28.jar:bin/../libs/jersey-common-2.28.jar:bin/../libs/jersey-container-servlet-2.28.jar:bin/../libs/jersey-container-servlet-core-2.28.jar:bin/../libs/jersey-hk2-2.28.jar:bin/../libs/jersey-media-jaxb-2.28.jar:bin/../libs/jersey-server-2.28.jar:bin/../libs/jetty-client-9.4.18.v20190429.jar:bin/../libs/jetty-continuation-9.4.18.v20190429.jar:bin/../libs/jetty-http-9.4.18.v20190429.jar:bin/../libs/jetty-io-9.4.18.v20190429.jar:bin/../libs/jetty-security-9.4.18.v20190429.jar:bin/../libs/jetty-server-9.4.18.v20190429.jar:bin/../libs/jetty-servlet-9.4.18.v20190429.jar:bin/../libs/jetty-servlets-9.4.18.v20190429.jar:bin/../libs/jetty-util-9.4.18.v20190429.jar:bin/../libs/jopt-simp
Launcher Type: SUN_STANDARD

Environment Variables:
PATH=/usr/local/sbin:/usr/local/bin:/usr/sbin:/usr/bin:/sbin:/bin:/usr/games:/usr/local/games:/snap/bin
USERNAME=francisco
SHELL=/usr/bin/zsh
DISPLAY=:0

Signal Handlers:
SIGSEGV: [libjvm.so+0xab92f0], sa_mask[0]=11111111011111111101111111111110, sa_flags=SA_RESTART|SA_SIGINFO
SIGBUS: [libjvm.so+0xab92f0], sa_mask[0]=11111111011111111101111111111110, sa_flags=SA_RESTART|SA_SIGINFO
SIGFPE: [libjvm.so+0x8ee560], sa_mask[0]=11111111011111111101111111111110, sa_flags=SA_RESTART|SA_SIGINFO
SIGPIPE: [libjvm.so+0x8ee560], sa_mask[0]=11111111011111111101111111111110, sa_flags=SA_RESTART|SA_SIGINFO
SIGXFSZ: [libjvm.so+0x8ee560], sa_mask[0]=11111111011111111101111111111110, sa_flags=SA_RESTART|SA_SIGINFO
SIGILL: [libjvm.so+0x8ee560], sa_mask[0]=11111111011111111101111111111110, sa_flags=SA_RESTART|SA_SIGINFO
SIGUSR1: SIG_DFL, sa_mask[0]=00000000000000000000000000000000, sa_flags=none
SIGUSR2: [libjvm.so+0x8ee410], sa_mask[0]=00000000000000000000000000000000, sa_flags=SA_RESTART|SA_SIGINFO
SIGHUP: SIG_DFL, sa_mask[0]=00000000000000000000000000000000, sa_flags=none
SIGINT: SIG_DFL, sa_mask[0]=00000000000000000000000000000000, sa_flags=none
SIGTERM: SIG_DFL, sa_mask[0]=00000000000000000000000000000000, sa_flags=none
SIGQUIT: SIG_DFL, sa_mask[0]=00000000000000000000000000000000, sa_flags=none


---------------  S Y S T E M  ---------------

OS:DISTRIB_ID=Ubuntu
DISTRIB_RELEASE=18.04
DISTRIB_CODENAME=bionic
DISTRIB_DESCRIPTION="Ubuntu 18.04.3 LTS"

uname:Linux 4.15.0-45-generic #48-Ubuntu SMP Tue Jan 29 16:28:13 UTC 2019 x86_64
libc:glibc 2.27 NPTL 2.27 
rlimit: STACK 8192k, CORE 0k, NPROC 31669, NOFILE 1048576, AS infinity
load average:1.75 1.31 1.07

/proc/meminfo:
MemTotal:        8167936 kB
MemFree:          117820 kB
MemAvailable:     113176 kB
Buffers:            8864 kB
Cached:           915728 kB
SwapCached:        30032 kB
Active:          6505272 kB
Inactive:        1155788 kB
Active(anon):    6406112 kB
Inactive(anon):  1074892 kB
Active(file):      99160 kB
Inactive(file):    80896 kB
Unevictable:         556 kB
Mlocked:             556 kB
SwapTotal:       2097148 kB
SwapFree:              4 kB
Dirty:               536 kB
Writeback:             0 kB
AnonPages:       6707552 kB
Mapped:           891100 kB
Shmem:            744516 kB
Slab:             180496 kB
SReclaimable:      69292 kB
SUnreclaim:       111204 kB
KernelStack:       22416 kB
PageTables:        93152 kB
NFS_Unstable:          0 kB
Bounce:                0 kB
WritebackTmp:          0 kB
CommitLimit:     6181116 kB
Committed_AS:   21254940 kB
VmallocTotal:   34359738367 kB
VmallocUsed:           0 kB
VmallocChunk:          0 kB
HardwareCorrupted:     0 kB
AnonHugePages:         0 kB
ShmemHugePages:        0 kB
ShmemPmdMapped:        0 kB
CmaTotal:              0 kB
CmaFree:               0 kB
HugePages_Total:       0
HugePages_Free:        0
HugePages_Rsvd:        0
HugePages_Surp:        0
Hugepagesize:       2048 kB
DirectMap4k:      339904 kB
DirectMap2M:     8048640 kB

container (cgroup) information:
container_type: cgroupv1
cpu_cpuset_cpus: 0-3
cpu_memory_nodes: 0
active_processor_count: 4
cpu_quota: -1
cpu_period: 100000
cpu_shares: -1
memory_limit_in_bytes: -1
memory_and_swap_limit_in_bytes: -2
memory_soft_limit_in_bytes: -1
memory_usage_in_bytes: 7654854656
memory_max_usage_in_bytes: 7894786048


CPU:total 4 (initial active 4) (4 cores per cpu, 1 threads per core) family 6 model 158 stepping 9, cmov, cx8, fxsr, mmx, sse, sse2, sse3, ssse3, sse4.1, sse4.2, popcnt, avx, avx2, aes, clmul, 3dnowpref, lzcnt, tsc, tscinvbit

/proc/cpuinfo:
processor	: 0
vendor_id	: GenuineIntel
cpu family	: 6
model		: 158
model name	: Intel(R) Core(TM) i7-7700HQ CPU @ 2.80GHz
stepping	: 9
cpu MHz		: 2807.996
cache size	: 6144 KB
physical id	: 0
siblings	: 4
core id		: 0
cpu cores	: 4
apicid		: 0
initial apicid	: 0
fpu		: yes
fpu_exception	: yes
cpuid level	: 22
wp		: yes
flags		: fpu vme de pse tsc msr pae mce cx8 apic sep mtrr pge mca cmov pat pse36 clflush mmx fxsr sse sse2 ht syscall nx rdtscp lm constant_tsc rep_good nopl xtopology nonstop_tsc cpuid pni pclmulqdq ssse3 cx16 pcid sse4_1 sse4_2 x2apic movbe popcnt aes xsave avx rdrand hypervisor lahf_lm abm 3dnowprefetch invpcid_single pti fsgsbase avx2 invpcid rdseed clflushopt flush_l1d
bugs		: cpu_meltdown spectre_v1 spectre_v2 spec_store_bypass l1tf
bogomips	: 5615.99
clflush size	: 64
cache_alignment	: 64
address sizes	: 39 bits physical, 48 bits virtual
power management:

processor	: 1
vendor_id	: GenuineIntel
cpu family	: 6
model		: 158
model name	: Intel(R) Core(TM) i7-7700HQ CPU @ 2.80GHz
stepping	: 9
cpu MHz		: 2807.996
cache size	: 6144 KB
physical id	: 0
siblings	: 4
core id		: 1
cpu cores	: 4
apicid		: 1
initial apicid	: 1
fpu		: yes
fpu_exception	: yes
cpuid level	: 22
wp		: yes
flags		: fpu vme de pse tsc msr pae mce cx8 apic sep mtrr pge mca cmov pat pse36 clflush mmx fxsr sse sse2 ht syscall nx rdtscp lm constant_tsc rep_good nopl xtopology nonstop_tsc cpuid pni pclmulqdq ssse3 cx16 pcid sse4_1 sse4_2 x2apic movbe popcnt aes xsave avx rdrand hypervisor lahf_lm abm 3dnowprefetch invpcid_single pti fsgsbase avx2 invpcid rdseed clflushopt flush_l1d
bugs		: cpu_meltdown spectre_v1 spectre_v2 spec_store_bypass l1tf
bogomips	: 5615.99
clflush size	: 64
cache_alignment	: 64
address sizes	: 39 bits physical, 48 bits virtual
power management:

processor	: 2
vendor_id	: GenuineIntel
cpu family	: 6
model		: 158
model name	: Intel(R) Core(TM) i7-7700HQ CPU @ 2.80GHz
stepping	: 9
cpu MHz		: 2807.996
cache size	: 6144 KB
physical id	: 0
siblings	: 4
core id		: 2
cpu cores	: 4
apicid		: 2
initial apicid	: 2
fpu		: yes
fpu_exception	: yes
cpuid level	: 22
wp		: yes
flags		: fpu vme de pse tsc msr pae mce cx8 apic sep mtrr pge mca cmov pat pse36 clflush mmx fxsr sse sse2 ht syscall nx rdtscp lm constant_tsc rep_good nopl xtopology nonstop_tsc cpuid pni pclmulqdq ssse3 cx16 pcid sse4_1 sse4_2 x2apic movbe popcnt aes xsave avx rdrand hypervisor lahf_lm abm 3dnowprefetch invpcid_single pti fsgsbase avx2 invpcid rdseed clflushopt flush_l1d
bugs		: cpu_meltdown spectre_v1 spectre_v2 spec_store_bypass l1tf
bogomips	: 5615.99
clflush size	: 64
cache_alignment	: 64
address sizes	: 39 bits physical, 48 bits virtual
power management:

processor	: 3
vendor_id	: GenuineIntel
cpu family	: 6
model		: 158
model name	: Intel(R) Core(TM) i7-7700HQ CPU @ 2.80GHz
stepping	: 9
cpu MHz		: 2807.996
cache size	: 6144 KB
physical id	: 0
siblings	: 4
core id		: 3
cpu cores	: 4
apicid		: 3
initial apicid	: 3
fpu		: yes
fpu_exception	: yes
cpuid level	: 22
wp		: yes
flags		: fpu vme de pse tsc msr pae mce cx8 apic sep mtrr pge mca cmov pat pse36 clflush mmx fxsr sse sse2 ht syscall nx rdtscp lm constant_tsc rep_good nopl xtopology nonstop_tsc cpuid pni pclmulqdq ssse3 cx16 pcid sse4_1 sse4_2 x2apic movbe popcnt aes xsave avx rdrand hypervisor lahf_lm abm 3dnowprefetch invpcid_single pti fsgsbase avx2 invpcid rdseed clflushopt flush_l1d
bugs		: cpu_meltdown spectre_v1 spectre_v2 spec_store_bypass l1tf
bogomips	: 5615.99
clflush size	: 64
cache_alignment	: 64
address sizes	: 39 bits physical, 48 bits virtual
power management:



Memory: 4k page, physical 8167936k(117820k free), swap 2097148k(4k free)

vm_info: OpenJDK 64-Bit Server VM (25.222-b10) for linux-amd64 JRE (1.8.0_222-8u222-b10-1ubuntu1~18.04.1-b10), built on Jul 18 2019 18:52:48 by "buildd" with gcc 7.4.0

time: Fri Dec 13 00:44:48 2019
timezone: WET
elapsed time: 0 seconds (0d 0h 0m 0s)

